{"uuid":"20e7231c-3b1b-4a91-a348-c099863fc4fb","historyId":"72342ebc2887c44a2444ae9a40b7d28c","fullName":"com.selenium.AppTest.scenario2","labels":[{"name":"package","value":"com.selenium.AppTest"},{"name":"testClass","value":"com.selenium.AppTest"},{"name":"testMethod","value":"scenario2"},{"name":"parentSuite","value":"Surefire suite"},{"name":"suite","value":"Surefire test"},{"name":"subSuite","value":"com.selenium.AppTest"},{"name":"host","value":"LAPTOP-TF3UG3BA"},{"name":"thread","value":"16344@LAPTOP-TF3UG3BA.main(3)"},{"name":"framework","value":"testng"},{"name":"language","value":"java"}],"links":[],"name":"scenario2","status":"broken","statusDetails":{"known":false,"muted":false,"flaky":false,"message":"no such element: Unable to locate element: {\"method\":\"xpath\",\"selector\":\"//*[@id=\"source-overview\"]/div/p/a\"}\n  (Session info: chrome=143.0.7499.170)\nFor documentation on this error, please visit: https://www.selenium.dev/documentation/webdriver/troubleshooting/errors#nosuchelementexception\nBuild info: version: '4.38.0', revision: '6b412e825c*'\nSystem info: os.name: 'Windows 11', os.arch: 'amd64', os.version: '10.0', java.version: '25.0.1'\nDriver info: org.openqa.selenium.chrome.ChromeDriver\nCommand: [cdc2b7d673a0410759d32446adf7d468, findElement {value=//*[@id=\"source-overview\"]/div/p/a, using=xpath}]\nCapabilities {acceptInsecureCerts: false, browserName: chrome, browserVersion: 143.0.7499.170, chrome: {chromedriverVersion: 143.0.7499.192 (be2c1f4fd45..., userDataDir: C:\\Users\\Mikael\\AppData\\Loc...}, fedcm:accounts: true, goog:chromeOptions: {debuggerAddress: localhost:53073}, goog:processID: 6688, networkConnectionEnabled: false, pageLoadStrategy: normal, platformName: windows, proxy: Proxy(), se:cdp: ws://localhost:53073/devtoo..., se:cdpVersion: 143.0.7499.170, setWindowRect: true, strictFileInteractability: false, timeouts: {implicit: 0, pageLoad: 300000, script: 30000}, unhandledPromptBehavior: dismiss and notify, webauthn:extension:credBlob: true, webauthn:extension:largeBlob: true, webauthn:extension:minPinLength: true, webauthn:extension:prf: true, webauthn:virtualAuthenticators: true}\nSession ID: cdc2b7d673a0410759d32446adf7d468","trace":"org.openqa.selenium.NoSuchElementException: no such element: Unable to locate element: {\"method\":\"xpath\",\"selector\":\"//*[@id=\"source-overview\"]/div/p/a\"}\n  (Session info: chrome=143.0.7499.170)\nFor documentation on this error, please visit: https://www.selenium.dev/documentation/webdriver/troubleshooting/errors#nosuchelementexception\nBuild info: version: '4.38.0', revision: '6b412e825c*'\nSystem info: os.name: 'Windows 11', os.arch: 'amd64', os.version: '10.0', java.version: '25.0.1'\nDriver info: org.openqa.selenium.chrome.ChromeDriver\nCommand: [cdc2b7d673a0410759d32446adf7d468, findElement {value=//*[@id=\"source-overview\"]/div/p/a, using=xpath}]\nCapabilities {acceptInsecureCerts: false, browserName: chrome, browserVersion: 143.0.7499.170, chrome: {chromedriverVersion: 143.0.7499.192 (be2c1f4fd45..., userDataDir: C:\\Users\\Mikael\\AppData\\Loc...}, fedcm:accounts: true, goog:chromeOptions: {debuggerAddress: localhost:53073}, goog:processID: 6688, networkConnectionEnabled: false, pageLoadStrategy: normal, platformName: windows, proxy: Proxy(), se:cdp: ws://localhost:53073/devtoo..., se:cdpVersion: 143.0.7499.170, setWindowRect: true, strictFileInteractability: false, timeouts: {implicit: 0, pageLoad: 300000, script: 30000}, unhandledPromptBehavior: dismiss and notify, webauthn:extension:credBlob: true, webauthn:extension:largeBlob: true, webauthn:extension:minPinLength: true, webauthn:extension:prf: true, webauthn:virtualAuthenticators: true}\nSession ID: cdc2b7d673a0410759d32446adf7d468\r\n\tat java.base/jdk.internal.reflect.DirectConstructorHandleAccessor.newInstance(DirectConstructorHandleAccessor.java:62)\r\n\tat java.base/java.lang.reflect.Constructor.newInstanceWithCaller(Constructor.java:499)\r\n\tat java.base/java.lang.reflect.Constructor.newInstance(Constructor.java:483)\r\n\tat org.openqa.selenium.remote.ErrorCodec.decode(ErrorCodec.java:167)\r\n\tat org.openqa.selenium.remote.codec.w3c.W3CHttpResponseCodec.decode(W3CHttpResponseCodec.java:138)\r\n\tat org.openqa.selenium.remote.codec.w3c.W3CHttpResponseCodec.decode(W3CHttpResponseCodec.java:50)\r\n\tat org.openqa.selenium.remote.HttpCommandExecutor.execute(HttpCommandExecutor.java:215)\r\n\tat org.openqa.selenium.remote.service.DriverCommandExecutor.invokeExecute(DriverCommandExecutor.java:216)\r\n\tat org.openqa.selenium.remote.service.DriverCommandExecutor.execute(DriverCommandExecutor.java:174)\r\n\tat org.openqa.selenium.remote.RemoteWebDriver.execute(RemoteWebDriver.java:557)\r\n\tat org.openqa.selenium.remote.ElementLocation$ElementFinder$2.findElement(ElementLocation.java:165)\r\n\tat org.openqa.selenium.remote.ElementLocation.findElement(ElementLocation.java:59)\r\n\tat org.openqa.selenium.remote.RemoteWebDriver.findElement(RemoteWebDriver.java:380)\r\n\tat org.openqa.selenium.remote.RemoteWebDriver.findElement(RemoteWebDriver.java:374)\r\n\tat com.selenium.scenario2.lambda$37(scenario2.java:1025)\r\n\tat io.qameta.allure.Allure.lambda$step$0(Allure.java:113)\r\n\tat io.qameta.allure.Allure.lambda$step$1(Allure.java:127)\r\n\tat io.qameta.allure.Allure.step(Allure.java:181)\r\n\tat io.qameta.allure.Allure.step(Allure.java:125)\r\n\tat io.qameta.allure.Allure.step(Allure.java:112)\r\n\tat com.selenium.scenario2.navigateFlightAPIStrategy(scenario2.java:1021)\r\n\tat com.selenium.scenario2.lambda$5(scenario2.java:200)\r\n\tat io.qameta.allure.Allure.lambda$step$0(Allure.java:113)\r\n\tat io.qameta.allure.Allure.lambda$step$1(Allure.java:127)\r\n\tat io.qameta.allure.Allure.step(Allure.java:181)\r\n\tat io.qameta.allure.Allure.step(Allure.java:125)\r\n\tat io.qameta.allure.Allure.step(Allure.java:112)\r\n\tat com.selenium.scenario2.NavHeaderFlightToCar(scenario2.java:172)\r\n\tat com.selenium.AppTest.scenario2(AppTest.java:33)\r\n\tat java.base/jdk.internal.reflect.DirectMethodHandleAccessor.invoke(DirectMethodHandleAccessor.java:104)\r\n\tat java.base/java.lang.reflect.Method.invoke(Method.java:565)\r\n\tat org.testng.internal.invokers.MethodInvocationHelper.invokeMethod(MethodInvocationHelper.java:141)\r\n\tat org.testng.internal.invokers.TestInvoker.invokeMethod(TestInvoker.java:687)\r\n\tat org.testng.internal.invokers.TestInvoker.invokeTestMethod(TestInvoker.java:230)\r\n\tat org.testng.internal.invokers.MethodRunner.runInSequence(MethodRunner.java:63)\r\n\tat org.testng.internal.invokers.TestInvoker$MethodInvocationAgent.invoke(TestInvoker.java:995)\r\n\tat org.testng.internal.invokers.TestInvoker.invokeTestMethods(TestInvoker.java:203)\r\n\tat org.testng.internal.invokers.TestMethodWorker.invokeTestMethods(TestMethodWorker.java:154)\r\n\tat org.testng.internal.invokers.TestMethodWorker.run(TestMethodWorker.java:134)\r\n\tat java.base/java.util.ArrayList.forEach(ArrayList.java:1604)\r\n\tat org.testng.TestRunner.privateRun(TestRunner.java:741)\r\n\tat org.testng.TestRunner.run(TestRunner.java:616)\r\n\tat org.testng.SuiteRunner.runTest(SuiteRunner.java:421)\r\n\tat org.testng.SuiteRunner.runSequentially(SuiteRunner.java:413)\r\n\tat org.testng.SuiteRunner.privateRun(SuiteRunner.java:373)\r\n\tat org.testng.SuiteRunner.run(SuiteRunner.java:312)\r\n\tat org.testng.SuiteRunnerWorker.runSuite(SuiteRunnerWorker.java:52)\r\n\tat org.testng.SuiteRunnerWorker.run(SuiteRunnerWorker.java:95)\r\n\tat org.testng.TestNG.runSuitesSequentially(TestNG.java:1274)\r\n\tat org.testng.TestNG.runSuitesLocally(TestNG.java:1208)\r\n\tat org.testng.TestNG.runSuites(TestNG.java:1112)\r\n\tat org.testng.TestNG.run(TestNG.java:1079)\r\n\tat org.apache.maven.surefire.testng.TestNGExecutor.run(TestNGExecutor.java:155)\r\n\tat org.apache.maven.surefire.testng.TestNGDirectoryTestSuite.executeSingleClass(TestNGDirectoryTestSuite.java:102)\r\n\tat org.apache.maven.surefire.testng.TestNGDirectoryTestSuite.execute(TestNGDirectoryTestSuite.java:91)\r\n\tat org.apache.maven.surefire.testng.TestNGProvider.invoke(TestNGProvider.java:137)\r\n\tat org.apache.maven.surefire.booter.ForkedBooter.runSuitesInProcess(ForkedBooter.java:385)\r\n\tat org.apache.maven.surefire.booter.ForkedBooter.execute(ForkedBooter.java:162)\r\n\tat org.apache.maven.surefire.booter.ForkedBooter.run(ForkedBooter.java:507)\r\n\tat org.apache.maven.surefire.booter.ForkedBooter.main(ForkedBooter.java:495)\r\n"},"stage":"finished","steps":[{"name":"Navigasi Footer","status":"passed","stage":"finished","steps":[{"name":"Navigasi ke Footer Demo","status":"passed","stage":"finished","steps":[],"attachments":[],"parameters":[],"start":1767856587123,"stop":1767856590019},{"name":"Navigasi ke Footer Pricing","status":"passed","stage":"finished","steps":[],"attachments":[],"parameters":[],"start":1767856592031,"stop":1767856594760},{"name":"Navigasi ke Footer Features","status":"passed","stage":"finished","steps":[],"attachments":[],"parameters":[],"start":1767856596771,"stop":1767856599543},{"name":"Navigasi ke Footer Technology","status":"passed","stage":"finished","steps":[],"attachments":[],"parameters":[],"start":1767856601556,"stop":1767856605092},{"name":"Navigasi ke Footer Documentation","status":"passed","stage":"finished","steps":[],"attachments":[],"parameters":[],"start":1767856607104,"stop":1767856634244},{"name":"Navigasi ke Footer Changelog","status":"passed","stage":"finished","steps":[],"attachments":[],"parameters":[],"start":1767856636256,"stop":1767856640369},{"name":"Navigasi ke Footer Requirements","status":"passed","stage":"finished","steps":[],"attachments":[],"parameters":[],"start":1767856642379,"stop":1767856645461},{"name":"Navigasi ke Footer Mobile Apps","status":"passed","stage":"finished","steps":[],"attachments":[],"parameters":[],"start":1767856647472,"stop":1767856650307},{"name":"Navigasi ke Footer Content Program","status":"passed","stage":"finished","steps":[],"attachments":[],"parameters":[],"start":1767856652317,"stop":1767856655422},{"name":"Navigasi ke Footer About Us","status":"passed","stage":"finished","steps":[],"attachments":[],"parameters":[],"start":1767856657427,"stop":1767856672526},{"name":"Navigasi ke Footer Contact","status":"passed","stage":"finished","steps":[],"attachments":[],"parameters":[],"start":1767856674537,"stop":1767856679715},{"name":"Navigasi ke Footer Jobs","status":"passed","stage":"finished","steps":[],"attachments":[],"parameters":[],"start":1767856681720,"stop":1767856684524},{"name":"Navigasi ke Footer Blog","status":"passed","stage":"finished","steps":[],"attachments":[],"parameters":[],"start":1767856686538,"stop":1767856689276},{"name":"Navigasi ke Footer Facebook","status":"passed","stage":"finished","steps":[],"attachments":[],"parameters":[],"start":1767856692917,"stop":1767856696547},{"name":"Navigasi ke Footer Twitter","status":"passed","stage":"finished","steps":[],"attachments":[],"parameters":[],"start":1767856698556,"stop":1767856703699},{"name":"Navigasi ke Footer LinkedIn","status":"passed","stage":"finished","steps":[],"attachments":[],"parameters":[],"start":1767856705709,"stop":1767856709090},{"name":"Navigasi ke Footer Youtube","status":"passed","stage":"finished","steps":[],"attachments":[],"parameters":[],"start":1767856711103,"stop":1767856720188},{"name":"Navigasi ke Footer Instagram","status":"passed","stage":"finished","steps":[],"attachments":[],"parameters":[],"start":1767856722201,"stop":1767856725487}],"attachments":[],"parameters":[],"start":1767856587120,"stop":1767856727491},{"name":"Baca Blog","status":"passed","stage":"finished","steps":[{"name":"Buka Halaman Blog","status":"passed","stage":"finished","steps":[],"attachments":[],"parameters":[],"start":1767856727492,"stop":1767856736863},{"name":"Cari Artikel Blog yang Tidak Ditemukan","status":"passed","stage":"finished","steps":[],"attachments":[],"parameters":[],"start":1767856738873,"stop":1767856741101},{"name":"Cari Artikel Blog yang Ditemukan","status":"passed","stage":"finished","steps":[],"attachments":[],"parameters":[],"start":1767856743113,"stop":1767856745282},{"name":"Baca Artikel Blog","status":"passed","stage":"finished","steps":[],"attachments":[],"parameters":[],"start":1767856747294,"stop":1767856750208}],"attachments":[],"parameters":[],"start":1767856727491,"stop":1767856754783},{"name":"Links di FeaturesPage","status":"passed","stage":"finished","steps":[{"name":"Navigasi ke Footer Features","status":"passed","stage":"finished","steps":[],"attachments":[],"parameters":[],"start":1767856754784,"stop":1767856757437},{"name":"Navigasi ke B2B Travel Portal","status":"passed","stage":"finished","steps":[],"attachments":[],"parameters":[],"start":1767856759451,"stop":1767856762090},{"name":"Kembali ke halaman sebelumnya","status":"passed","stage":"finished","steps":[],"attachments":[],"parameters":[],"start":1767856764104,"stop":1767856764638},{"name":"Navigasi ke PHP Booking Software","status":"passed","stage":"finished","steps":[],"attachments":[],"parameters":[],"start":1767856766645,"stop":1767856769270},{"name":"Kembali ke halaman sebelumnya","status":"passed","stage":"finished","steps":[],"attachments":[],"parameters":[],"start":1767856771271,"stop":1767856771810},{"name":"Navigasi ke B2C booking system","status":"passed","stage":"finished","steps":[],"attachments":[],"parameters":[],"start":1767856773820,"stop":1767856776546},{"name":"Kembali ke halaman sebelumnya","status":"passed","stage":"finished","steps":[],"attachments":[],"parameters":[],"start":1767856778558,"stop":1767856779055},{"name":"Navigasi ke Travel Agency Management System","status":"passed","stage":"finished","steps":[],"attachments":[],"parameters":[],"start":1767856781070,"stop":1767856783775},{"name":"Navigasi ke B2C enterprise travel software","status":"passed","stage":"finished","steps":[],"attachments":[],"parameters":[],"start":1767856785789,"stop":1767856792084},{"name":"Navigasi ke OpenAPI Integration","status":"passed","stage":"finished","steps":[],"attachments":[],"parameters":[],"start":1767856794091,"stop":1767856804979},{"name":"Kembali ke halaman sebelumnya","status":"passed","stage":"finished","steps":[],"attachments":[],"parameters":[],"start":1767856806980,"stop":1767856807909},{"name":"Navigasi ke Travel CRM","status":"passed","stage":"finished","steps":[],"attachments":[],"parameters":[],"start":1767856809922,"stop":1767856812702},{"name":"Kembali ke halaman sebelumnya","status":"passed","stage":"finished","steps":[],"attachments":[],"parameters":[],"start":1767856814704,"stop":1767856815314},{"name":"Navigasi ke Travel Management Software","status":"passed","stage":"finished","steps":[],"attachments":[],"parameters":[],"start":1767856817321,"stop":1767856819997},{"name":"Navigasi ke tour operator back office system","status":"passed","stage":"finished","steps":[],"attachments":[],"parameters":[],"start":1767856822000,"stop":1767856825122},{"name":"Kembali ke halaman sebelumnya","status":"passed","stage":"finished","steps":[],"attachments":[],"parameters":[],"start":1767856827130,"stop":1767856827681},{"name":"Navigasi corporate travel management software","status":"passed","stage":"finished","steps":[],"attachments":[],"parameters":[],"start":1767856829683,"stop":1767856832535},{"name":"Kembali ke halaman sebelumnya","status":"passed","stage":"finished","steps":[],"attachments":[],"parameters":[],"start":1767856834544,"stop":1767856835163},{"name":"Navigasi business travel management ","status":"passed","stage":"finished","steps":[],"attachments":[],"parameters":[],"start":1767856837175,"stop":1767856839870},{"name":"Kembali ke halaman sebelumnya","status":"passed","stage":"finished","steps":[],"attachments":[],"parameters":[],"start":1767856841882,"stop":1767856842511}],"attachments":[],"parameters":[],"start":1767856754784,"stop":1767856847116},{"name":"Header Navbar CMS, NewsletterModule, BlogsModule, OffersModule","status":"passed","stage":"finished","steps":[{"name":"Navigasi ke Header CMS","status":"passed","stage":"finished","steps":[],"attachments":[],"parameters":[],"start":1767856847117,"stop":1767856851998},{"name":"Navigasi ke Header NewsletterModule","status":"passed","stage":"finished","steps":[],"attachments":[],"parameters":[],"start":1767856854003,"stop":1767856859100},{"name":"Navigasi ke Header BlogsModule","status":"passed","stage":"finished","steps":[],"attachments":[],"parameters":[],"start":1767856861105,"stop":1767856866072},{"name":"Navigasi ke Header OffersModule","status":"passed","stage":"finished","steps":[],"attachments":[],"parameters":[],"start":1767856868081,"stop":1767856872993}],"attachments":[],"parameters":[],"start":1767856847117,"stop":1767856877590},{"name":"Header Navbar Flight, hotel, tour, car module","status":"broken","statusDetails":{"known":false,"muted":false,"flaky":false,"message":"no such element: Unable to locate element: {\"method\":\"xpath\",\"selector\":\"//*[@id=\"source-overview\"]/div/p/a\"}\n  (Session info: chrome=143.0.7499.170)\nFor documentation on this error, please visit: https://www.selenium.dev/documentation/webdriver/troubleshooting/errors#nosuchelementexception\nBuild info: version: '4.38.0', revision: '6b412e825c*'\nSystem info: os.name: 'Windows 11', os.arch: 'amd64', os.version: '10.0', java.version: '25.0.1'\nDriver info: org.openqa.selenium.chrome.ChromeDriver\nCommand: [cdc2b7d673a0410759d32446adf7d468, findElement {value=//*[@id=\"source-overview\"]/div/p/a, using=xpath}]\nCapabilities {acceptInsecureCerts: false, browserName: chrome, browserVersion: 143.0.7499.170, chrome: {chromedriverVersion: 143.0.7499.192 (be2c1f4fd45..., userDataDir: C:\\Users\\Mikael\\AppData\\Loc...}, fedcm:accounts: true, goog:chromeOptions: {debuggerAddress: localhost:53073}, goog:processID: 6688, networkConnectionEnabled: false, pageLoadStrategy: normal, platformName: windows, proxy: Proxy(), se:cdp: ws://localhost:53073/devtoo..., se:cdpVersion: 143.0.7499.170, setWindowRect: true, strictFileInteractability: false, timeouts: {implicit: 0, pageLoad: 300000, script: 30000}, unhandledPromptBehavior: dismiss and notify, webauthn:extension:credBlob: true, webauthn:extension:largeBlob: true, webauthn:extension:minPinLength: true, webauthn:extension:prf: true, webauthn:virtualAuthenticators: true}\nSession ID: cdc2b7d673a0410759d32446adf7d468","trace":"org.openqa.selenium.NoSuchElementException: no such element: Unable to locate element: {\"method\":\"xpath\",\"selector\":\"//*[@id=\"source-overview\"]/div/p/a\"}\n  (Session info: chrome=143.0.7499.170)\nFor documentation on this error, please visit: https://www.selenium.dev/documentation/webdriver/troubleshooting/errors#nosuchelementexception\nBuild info: version: '4.38.0', revision: '6b412e825c*'\nSystem info: os.name: 'Windows 11', os.arch: 'amd64', os.version: '10.0', java.version: '25.0.1'\nDriver info: org.openqa.selenium.chrome.ChromeDriver\nCommand: [cdc2b7d673a0410759d32446adf7d468, findElement {value=//*[@id=\"source-overview\"]/div/p/a, using=xpath}]\nCapabilities {acceptInsecureCerts: false, browserName: chrome, browserVersion: 143.0.7499.170, chrome: {chromedriverVersion: 143.0.7499.192 (be2c1f4fd45..., userDataDir: C:\\Users\\Mikael\\AppData\\Loc...}, fedcm:accounts: true, goog:chromeOptions: {debuggerAddress: localhost:53073}, goog:processID: 6688, networkConnectionEnabled: false, pageLoadStrategy: normal, platformName: windows, proxy: Proxy(), se:cdp: ws://localhost:53073/devtoo..., se:cdpVersion: 143.0.7499.170, setWindowRect: true, strictFileInteractability: false, timeouts: {implicit: 0, pageLoad: 300000, script: 30000}, unhandledPromptBehavior: dismiss and notify, webauthn:extension:credBlob: true, webauthn:extension:largeBlob: true, webauthn:extension:minPinLength: true, webauthn:extension:prf: true, webauthn:virtualAuthenticators: true}\nSession ID: cdc2b7d673a0410759d32446adf7d468\r\n\tat java.base/jdk.internal.reflect.DirectConstructorHandleAccessor.newInstance(DirectConstructorHandleAccessor.java:62)\r\n\tat java.base/java.lang.reflect.Constructor.newInstanceWithCaller(Constructor.java:499)\r\n\tat java.base/java.lang.reflect.Constructor.newInstance(Constructor.java:483)\r\n\tat org.openqa.selenium.remote.ErrorCodec.decode(ErrorCodec.java:167)\r\n\tat org.openqa.selenium.remote.codec.w3c.W3CHttpResponseCodec.decode(W3CHttpResponseCodec.java:138)\r\n\tat org.openqa.selenium.remote.codec.w3c.W3CHttpResponseCodec.decode(W3CHttpResponseCodec.java:50)\r\n\tat org.openqa.selenium.remote.HttpCommandExecutor.execute(HttpCommandExecutor.java:215)\r\n\tat org.openqa.selenium.remote.service.DriverCommandExecutor.invokeExecute(DriverCommandExecutor.java:216)\r\n\tat org.openqa.selenium.remote.service.DriverCommandExecutor.execute(DriverCommandExecutor.java:174)\r\n\tat org.openqa.selenium.remote.RemoteWebDriver.execute(RemoteWebDriver.java:557)\r\n\tat org.openqa.selenium.remote.ElementLocation$ElementFinder$2.findElement(ElementLocation.java:165)\r\n\tat org.openqa.selenium.remote.ElementLocation.findElement(ElementLocation.java:59)\r\n\tat org.openqa.selenium.remote.RemoteWebDriver.findElement(RemoteWebDriver.java:380)\r\n\tat org.openqa.selenium.remote.RemoteWebDriver.findElement(RemoteWebDriver.java:374)\r\n\tat com.selenium.scenario2.lambda$37(scenario2.java:1025)\r\n\tat io.qameta.allure.Allure.lambda$step$0(Allure.java:113)\r\n\tat io.qameta.allure.Allure.lambda$step$1(Allure.java:127)\r\n\tat io.qameta.allure.Allure.step(Allure.java:181)\r\n\tat io.qameta.allure.Allure.step(Allure.java:125)\r\n\tat io.qameta.allure.Allure.step(Allure.java:112)\r\n\tat com.selenium.scenario2.navigateFlightAPIStrategy(scenario2.java:1021)\r\n\tat com.selenium.scenario2.lambda$5(scenario2.java:200)\r\n\tat io.qameta.allure.Allure.lambda$step$0(Allure.java:113)\r\n\tat io.qameta.allure.Allure.lambda$step$1(Allure.java:127)\r\n\tat io.qameta.allure.Allure.step(Allure.java:181)\r\n\tat io.qameta.allure.Allure.step(Allure.java:125)\r\n\tat io.qameta.allure.Allure.step(Allure.java:112)\r\n\tat com.selenium.scenario2.NavHeaderFlightToCar(scenario2.java:172)\r\n\tat com.selenium.AppTest.scenario2(AppTest.java:33)\r\n\tat java.base/jdk.internal.reflect.DirectMethodHandleAccessor.invoke(DirectMethodHandleAccessor.java:104)\r\n\tat java.base/java.lang.reflect.Method.invoke(Method.java:565)\r\n\tat org.testng.internal.invokers.MethodInvocationHelper.invokeMethod(MethodInvocationHelper.java:141)\r\n\tat org.testng.internal.invokers.TestInvoker.invokeMethod(TestInvoker.java:687)\r\n\tat org.testng.internal.invokers.TestInvoker.invokeTestMethod(TestInvoker.java:230)\r\n\tat org.testng.internal.invokers.MethodRunner.runInSequence(MethodRunner.java:63)\r\n\tat org.testng.internal.invokers.TestInvoker$MethodInvocationAgent.invoke(TestInvoker.java:995)\r\n\tat org.testng.internal.invokers.TestInvoker.invokeTestMethods(TestInvoker.java:203)\r\n\tat org.testng.internal.invokers.TestMethodWorker.invokeTestMethods(TestMethodWorker.java:154)\r\n\tat org.testng.internal.invokers.TestMethodWorker.run(TestMethodWorker.java:134)\r\n\tat java.base/java.util.ArrayList.forEach(ArrayList.java:1604)\r\n\tat org.testng.TestRunner.privateRun(TestRunner.java:741)\r\n\tat org.testng.TestRunner.run(TestRunner.java:616)\r\n\tat org.testng.SuiteRunner.runTest(SuiteRunner.java:421)\r\n\tat org.testng.SuiteRunner.runSequentially(SuiteRunner.java:413)\r\n\tat org.testng.SuiteRunner.privateRun(SuiteRunner.java:373)\r\n\tat org.testng.SuiteRunner.run(SuiteRunner.java:312)\r\n\tat org.testng.SuiteRunnerWorker.runSuite(SuiteRunnerWorker.java:52)\r\n\tat org.testng.SuiteRunnerWorker.run(SuiteRunnerWorker.java:95)\r\n\tat org.testng.TestNG.runSuitesSequentially(TestNG.java:1274)\r\n\tat org.testng.TestNG.runSuitesLocally(TestNG.java:1208)\r\n\tat org.testng.TestNG.runSuites(TestNG.java:1112)\r\n\tat org.testng.TestNG.run(TestNG.java:1079)\r\n\tat org.apache.maven.surefire.testng.TestNGExecutor.run(TestNGExecutor.java:155)\r\n\tat org.apache.maven.surefire.testng.TestNGDirectoryTestSuite.executeSingleClass(TestNGDirectoryTestSuite.java:102)\r\n\tat org.apache.maven.surefire.testng.TestNGDirectoryTestSuite.execute(TestNGDirectoryTestSuite.java:91)\r\n\tat org.apache.maven.surefire.testng.TestNGProvider.invoke(TestNGProvider.java:137)\r\n\tat org.apache.maven.surefire.booter.ForkedBooter.runSuitesInProcess(ForkedBooter.java:385)\r\n\tat org.apache.maven.surefire.booter.ForkedBooter.execute(ForkedBooter.java:162)\r\n\tat org.apache.maven.surefire.booter.ForkedBooter.run(ForkedBooter.java:507)\r\n\tat org.apache.maven.surefire.booter.ForkedBooter.main(ForkedBooter.java:495)\r\n"},"stage":"finished","steps":[{"name":"Navigasi ke Header FlightModule","status":"passed","stage":"finished","steps":[],"attachments":[],"parameters":[],"start":1767856877592,"stop":1767856882524},{"name":"Navigasi flight booking system ","status":"passed","stage":"finished","steps":[],"attachments":[],"parameters":[],"start":1767856884525,"stop":1767856890919},{"name":"Navigasi flight booking software ","status":"passed","stage":"finished","steps":[],"attachments":[],"parameters":[],"start":1767856892933,"stop":1767856899221},{"name":"Navigasi flight booking engine","status":"passed","stage":"finished","steps":[],"attachments":[],"parameters":[],"start":1767856901228,"stop":1767856907505},{"name":"Navigasi TBO flights API integration","status":"passed","stage":"finished","steps":[],"attachments":[],"parameters":[],"start":1767856909507,"stop":1767856915793},{"name":"Navigasi NDC flights booking system ","status":"passed","stage":"finished","steps":[],"attachments":[],"parameters":[],"start":1767856917806,"stop":1767856925134},{"name":"Navigasi flight ticket reservation system","status":"passed","stage":"finished","steps":[],"attachments":[],"parameters":[],"start":1767856927145,"stop":1767856933549},{"name":"Navigasi flight ticket booking software","status":"passed","stage":"finished","steps":[],"attachments":[],"parameters":[],"start":1767856935549,"stop":1767856939746},{"name":"Navigasi flight API strategy ","status":"broken","statusDetails":{"known":false,"muted":false,"flaky":false,"message":"no such element: Unable to locate element: {\"method\":\"xpath\",\"selector\":\"//*[@id=\"source-overview\"]/div/p/a\"}\n  (Session info: chrome=143.0.7499.170)\nFor documentation on this error, please visit: https://www.selenium.dev/documentation/webdriver/troubleshooting/errors#nosuchelementexception\nBuild info: version: '4.38.0', revision: '6b412e825c*'\nSystem info: os.name: 'Windows 11', os.arch: 'amd64', os.version: '10.0', java.version: '25.0.1'\nDriver info: org.openqa.selenium.chrome.ChromeDriver\nCommand: [cdc2b7d673a0410759d32446adf7d468, findElement {value=//*[@id=\"source-overview\"]/div/p/a, using=xpath}]\nCapabilities {acceptInsecureCerts: false, browserName: chrome, browserVersion: 143.0.7499.170, chrome: {chromedriverVersion: 143.0.7499.192 (be2c1f4fd45..., userDataDir: C:\\Users\\Mikael\\AppData\\Loc...}, fedcm:accounts: true, goog:chromeOptions: {debuggerAddress: localhost:53073}, goog:processID: 6688, networkConnectionEnabled: false, pageLoadStrategy: normal, platformName: windows, proxy: Proxy(), se:cdp: ws://localhost:53073/devtoo..., se:cdpVersion: 143.0.7499.170, setWindowRect: true, strictFileInteractability: false, timeouts: {implicit: 0, pageLoad: 300000, script: 30000}, unhandledPromptBehavior: dismiss and notify, webauthn:extension:credBlob: true, webauthn:extension:largeBlob: true, webauthn:extension:minPinLength: true, webauthn:extension:prf: true, webauthn:virtualAuthenticators: true}\nSession ID: cdc2b7d673a0410759d32446adf7d468","trace":"org.openqa.selenium.NoSuchElementException: no such element: Unable to locate element: {\"method\":\"xpath\",\"selector\":\"//*[@id=\"source-overview\"]/div/p/a\"}\n  (Session info: chrome=143.0.7499.170)\nFor documentation on this error, please visit: https://www.selenium.dev/documentation/webdriver/troubleshooting/errors#nosuchelementexception\nBuild info: version: '4.38.0', revision: '6b412e825c*'\nSystem info: os.name: 'Windows 11', os.arch: 'amd64', os.version: '10.0', java.version: '25.0.1'\nDriver info: org.openqa.selenium.chrome.ChromeDriver\nCommand: [cdc2b7d673a0410759d32446adf7d468, findElement {value=//*[@id=\"source-overview\"]/div/p/a, using=xpath}]\nCapabilities {acceptInsecureCerts: false, browserName: chrome, browserVersion: 143.0.7499.170, chrome: {chromedriverVersion: 143.0.7499.192 (be2c1f4fd45..., userDataDir: C:\\Users\\Mikael\\AppData\\Loc...}, fedcm:accounts: true, goog:chromeOptions: {debuggerAddress: localhost:53073}, goog:processID: 6688, networkConnectionEnabled: false, pageLoadStrategy: normal, platformName: windows, proxy: Proxy(), se:cdp: ws://localhost:53073/devtoo..., se:cdpVersion: 143.0.7499.170, setWindowRect: true, strictFileInteractability: false, timeouts: {implicit: 0, pageLoad: 300000, script: 30000}, unhandledPromptBehavior: dismiss and notify, webauthn:extension:credBlob: true, webauthn:extension:largeBlob: true, webauthn:extension:minPinLength: true, webauthn:extension:prf: true, webauthn:virtualAuthenticators: true}\nSession ID: cdc2b7d673a0410759d32446adf7d468\r\n\tat java.base/jdk.internal.reflect.DirectConstructorHandleAccessor.newInstance(DirectConstructorHandleAccessor.java:62)\r\n\tat java.base/java.lang.reflect.Constructor.newInstanceWithCaller(Constructor.java:499)\r\n\tat java.base/java.lang.reflect.Constructor.newInstance(Constructor.java:483)\r\n\tat org.openqa.selenium.remote.ErrorCodec.decode(ErrorCodec.java:167)\r\n\tat org.openqa.selenium.remote.codec.w3c.W3CHttpResponseCodec.decode(W3CHttpResponseCodec.java:138)\r\n\tat org.openqa.selenium.remote.codec.w3c.W3CHttpResponseCodec.decode(W3CHttpResponseCodec.java:50)\r\n\tat org.openqa.selenium.remote.HttpCommandExecutor.execute(HttpCommandExecutor.java:215)\r\n\tat org.openqa.selenium.remote.service.DriverCommandExecutor.invokeExecute(DriverCommandExecutor.java:216)\r\n\tat org.openqa.selenium.remote.service.DriverCommandExecutor.execute(DriverCommandExecutor.java:174)\r\n\tat org.openqa.selenium.remote.RemoteWebDriver.execute(RemoteWebDriver.java:557)\r\n\tat org.openqa.selenium.remote.ElementLocation$ElementFinder$2.findElement(ElementLocation.java:165)\r\n\tat org.openqa.selenium.remote.ElementLocation.findElement(ElementLocation.java:59)\r\n\tat org.openqa.selenium.remote.RemoteWebDriver.findElement(RemoteWebDriver.java:380)\r\n\tat org.openqa.selenium.remote.RemoteWebDriver.findElement(RemoteWebDriver.java:374)\r\n\tat com.selenium.scenario2.lambda$37(scenario2.java:1025)\r\n\tat io.qameta.allure.Allure.lambda$step$0(Allure.java:113)\r\n\tat io.qameta.allure.Allure.lambda$step$1(Allure.java:127)\r\n\tat io.qameta.allure.Allure.step(Allure.java:181)\r\n\tat io.qameta.allure.Allure.step(Allure.java:125)\r\n\tat io.qameta.allure.Allure.step(Allure.java:112)\r\n\tat com.selenium.scenario2.navigateFlightAPIStrategy(scenario2.java:1021)\r\n\tat com.selenium.scenario2.lambda$5(scenario2.java:200)\r\n\tat io.qameta.allure.Allure.lambda$step$0(Allure.java:113)\r\n\tat io.qameta.allure.Allure.lambda$step$1(Allure.java:127)\r\n\tat io.qameta.allure.Allure.step(Allure.java:181)\r\n\tat io.qameta.allure.Allure.step(Allure.java:125)\r\n\tat io.qameta.allure.Allure.step(Allure.java:112)\r\n\tat com.selenium.scenario2.NavHeaderFlightToCar(scenario2.java:172)\r\n\tat com.selenium.AppTest.scenario2(AppTest.java:33)\r\n\tat java.base/jdk.internal.reflect.DirectMethodHandleAccessor.invoke(DirectMethodHandleAccessor.java:104)\r\n\tat java.base/java.lang.reflect.Method.invoke(Method.java:565)\r\n\tat org.testng.internal.invokers.MethodInvocationHelper.invokeMethod(MethodInvocationHelper.java:141)\r\n\tat org.testng.internal.invokers.TestInvoker.invokeMethod(TestInvoker.java:687)\r\n\tat org.testng.internal.invokers.TestInvoker.invokeTestMethod(TestInvoker.java:230)\r\n\tat org.testng.internal.invokers.MethodRunner.runInSequence(MethodRunner.java:63)\r\n\tat org.testng.internal.invokers.TestInvoker$MethodInvocationAgent.invoke(TestInvoker.java:995)\r\n\tat org.testng.internal.invokers.TestInvoker.invokeTestMethods(TestInvoker.java:203)\r\n\tat org.testng.internal.invokers.TestMethodWorker.invokeTestMethods(TestMethodWorker.java:154)\r\n\tat org.testng.internal.invokers.TestMethodWorker.run(TestMethodWorker.java:134)\r\n\tat java.base/java.util.ArrayList.forEach(ArrayList.java:1604)\r\n\tat org.testng.TestRunner.privateRun(TestRunner.java:741)\r\n\tat org.testng.TestRunner.run(TestRunner.java:616)\r\n\tat org.testng.SuiteRunner.runTest(SuiteRunner.java:421)\r\n\tat org.testng.SuiteRunner.runSequentially(SuiteRunner.java:413)\r\n\tat org.testng.SuiteRunner.privateRun(SuiteRunner.java:373)\r\n\tat org.testng.SuiteRunner.run(SuiteRunner.java:312)\r\n\tat org.testng.SuiteRunnerWorker.runSuite(SuiteRunnerWorker.java:52)\r\n\tat org.testng.SuiteRunnerWorker.run(SuiteRunnerWorker.java:95)\r\n\tat org.testng.TestNG.runSuitesSequentially(TestNG.java:1274)\r\n\tat org.testng.TestNG.runSuitesLocally(TestNG.java:1208)\r\n\tat org.testng.TestNG.runSuites(TestNG.java:1112)\r\n\tat org.testng.TestNG.run(TestNG.java:1079)\r\n\tat org.apache.maven.surefire.testng.TestNGExecutor.run(TestNGExecutor.java:155)\r\n\tat org.apache.maven.surefire.testng.TestNGDirectoryTestSuite.executeSingleClass(TestNGDirectoryTestSuite.java:102)\r\n\tat org.apache.maven.surefire.testng.TestNGDirectoryTestSuite.execute(TestNGDirectoryTestSuite.java:91)\r\n\tat org.apache.maven.surefire.testng.TestNGProvider.invoke(TestNGProvider.java:137)\r\n\tat org.apache.maven.surefire.booter.ForkedBooter.runSuitesInProcess(ForkedBooter.java:385)\r\n\tat org.apache.maven.surefire.booter.ForkedBooter.execute(ForkedBooter.java:162)\r\n\tat org.apache.maven.surefire.booter.ForkedBooter.run(ForkedBooter.java:507)\r\n\tat org.apache.maven.surefire.booter.ForkedBooter.main(ForkedBooter.java:495)\r\n"},"stage":"finished","steps":[],"attachments":[],"parameters":[],"start":1767856941760,"stop":1767856941801}],"attachments":[],"parameters":[],"start":1767856877592,"stop":1767856941802}],"attachments":[],"parameters":[],"start":1767856587114,"stop":1767856941815}