{"uuid":"633d9445-229d-4ec3-874a-194a25732b0a","historyId":"bf30963cd58d49fde5deaaadf48c92ea","fullName":"com.selenium.AppTest.scenario3","labels":[{"name":"package","value":"com.selenium.AppTest"},{"name":"testClass","value":"com.selenium.AppTest"},{"name":"testMethod","value":"scenario3"},{"name":"parentSuite","value":"Surefire suite"},{"name":"suite","value":"Surefire test"},{"name":"subSuite","value":"com.selenium.AppTest"},{"name":"host","value":"LAPTOP-0KKIJATU"},{"name":"thread","value":"14448@LAPTOP-0KKIJATU.main(3)"},{"name":"framework","value":"testng"},{"name":"language","value":"java"}],"links":[],"name":"scenario3","status":"broken","statusDetails":{"known":false,"muted":false,"flaky":false,"message":"no such element: Unable to locate element: {\"method\":\"xpath\",\"selector\":\"/html/body/div[1]/div/div[2]/div[2]/div[2]/div[2]/a[2]\"}\n  (Session info: chrome=143.0.7499.170)\nFor documentation on this error, please visit: https://www.selenium.dev/documentation/webdriver/troubleshooting/errors#nosuchelementexception\nBuild info: version: '4.38.0', revision: '6b412e825c*'\nSystem info: os.name: 'Windows 11', os.arch: 'amd64', os.version: '10.0', java.version: '25.0.1'\nDriver info: org.openqa.selenium.chrome.ChromeDriver\nCommand: [37dfa6401ee440ffd2429fef3eb9d90c, findElement {value=/html/body/div[1]/div/div[2]/div[2]/div[2]/div[2]/a[2], using=xpath}]\nCapabilities {acceptInsecureCerts: false, browserName: chrome, browserVersion: 143.0.7499.170, chrome: {chromedriverVersion: 143.0.7499.169 (164b20aab62..., userDataDir: C:\\Users\\HP\\AppData\\Local\\T...}, fedcm:accounts: true, goog:chromeOptions: {debuggerAddress: localhost:53836}, goog:processID: 4060, networkConnectionEnabled: false, pageLoadStrategy: normal, platformName: windows, proxy: Proxy(), se:cdp: ws://localhost:53836/devtoo..., se:cdpVersion: 143.0.7499.170, setWindowRect: true, strictFileInteractability: false, timeouts: {implicit: 0, pageLoad: 300000, script: 30000}, unhandledPromptBehavior: dismiss and notify, webauthn:extension:credBlob: true, webauthn:extension:largeBlob: true, webauthn:extension:minPinLength: true, webauthn:extension:prf: true, webauthn:virtualAuthenticators: true}\nSession ID: 37dfa6401ee440ffd2429fef3eb9d90c","trace":"org.openqa.selenium.NoSuchElementException: no such element: Unable to locate element: {\"method\":\"xpath\",\"selector\":\"/html/body/div[1]/div/div[2]/div[2]/div[2]/div[2]/a[2]\"}\n  (Session info: chrome=143.0.7499.170)\nFor documentation on this error, please visit: https://www.selenium.dev/documentation/webdriver/troubleshooting/errors#nosuchelementexception\nBuild info: version: '4.38.0', revision: '6b412e825c*'\nSystem info: os.name: 'Windows 11', os.arch: 'amd64', os.version: '10.0', java.version: '25.0.1'\nDriver info: org.openqa.selenium.chrome.ChromeDriver\nCommand: [37dfa6401ee440ffd2429fef3eb9d90c, findElement {value=/html/body/div[1]/div/div[2]/div[2]/div[2]/div[2]/a[2], using=xpath}]\nCapabilities {acceptInsecureCerts: false, browserName: chrome, browserVersion: 143.0.7499.170, chrome: {chromedriverVersion: 143.0.7499.169 (164b20aab62..., userDataDir: C:\\Users\\HP\\AppData\\Local\\T...}, fedcm:accounts: true, goog:chromeOptions: {debuggerAddress: localhost:53836}, goog:processID: 4060, networkConnectionEnabled: false, pageLoadStrategy: normal, platformName: windows, proxy: Proxy(), se:cdp: ws://localhost:53836/devtoo..., se:cdpVersion: 143.0.7499.170, setWindowRect: true, strictFileInteractability: false, timeouts: {implicit: 0, pageLoad: 300000, script: 30000}, unhandledPromptBehavior: dismiss and notify, webauthn:extension:credBlob: true, webauthn:extension:largeBlob: true, webauthn:extension:minPinLength: true, webauthn:extension:prf: true, webauthn:virtualAuthenticators: true}\nSession ID: 37dfa6401ee440ffd2429fef3eb9d90c\r\n\tat java.base/jdk.internal.reflect.DirectConstructorHandleAccessor.newInstance(DirectConstructorHandleAccessor.java:62)\r\n\tat java.base/java.lang.reflect.Constructor.newInstanceWithCaller(Constructor.java:499)\r\n\tat java.base/java.lang.reflect.Constructor.newInstance(Constructor.java:483)\r\n\tat org.openqa.selenium.remote.ErrorCodec.decode(ErrorCodec.java:167)\r\n\tat org.openqa.selenium.remote.codec.w3c.W3CHttpResponseCodec.decode(W3CHttpResponseCodec.java:138)\r\n\tat org.openqa.selenium.remote.codec.w3c.W3CHttpResponseCodec.decode(W3CHttpResponseCodec.java:50)\r\n\tat org.openqa.selenium.remote.HttpCommandExecutor.execute(HttpCommandExecutor.java:215)\r\n\tat org.openqa.selenium.remote.service.DriverCommandExecutor.invokeExecute(DriverCommandExecutor.java:216)\r\n\tat org.openqa.selenium.remote.service.DriverCommandExecutor.execute(DriverCommandExecutor.java:174)\r\n\tat org.openqa.selenium.remote.RemoteWebDriver.execute(RemoteWebDriver.java:557)\r\n\tat org.openqa.selenium.remote.ElementLocation$ElementFinder$2.findElement(ElementLocation.java:165)\r\n\tat org.openqa.selenium.remote.ElementLocation.findElement(ElementLocation.java:59)\r\n\tat org.openqa.selenium.remote.RemoteWebDriver.findElement(RemoteWebDriver.java:380)\r\n\tat org.openqa.selenium.remote.RemoteWebDriver.findElement(RemoteWebDriver.java:374)\r\n\tat com.selenium.scenario3.lambda$13(scenario3.java:357)\r\n\tat io.qameta.allure.Allure.lambda$step$0(Allure.java:113)\r\n\tat io.qameta.allure.Allure.lambda$step$1(Allure.java:127)\r\n\tat io.qameta.allure.Allure.step(Allure.java:181)\r\n\tat io.qameta.allure.Allure.step(Allure.java:125)\r\n\tat io.qameta.allure.Allure.step(Allure.java:112)\r\n\tat com.selenium.scenario3.lambda$3(scenario3.java:356)\r\n\tat io.qameta.allure.Allure.lambda$step$0(Allure.java:113)\r\n\tat io.qameta.allure.Allure.lambda$step$1(Allure.java:127)\r\n\tat io.qameta.allure.Allure.step(Allure.java:181)\r\n\tat io.qameta.allure.Allure.step(Allure.java:125)\r\n\tat io.qameta.allure.Allure.step(Allure.java:112)\r\n\tat com.selenium.scenario3.testPascaLogin(scenario3.java:220)\r\n\tat com.selenium.AppTest.scenario3(AppTest.java:65)\r\n\tat java.base/jdk.internal.reflect.DirectMethodHandleAccessor.invoke(DirectMethodHandleAccessor.java:104)\r\n\tat java.base/java.lang.reflect.Method.invoke(Method.java:565)\r\n\tat org.testng.internal.invokers.MethodInvocationHelper.invokeMethod(MethodInvocationHelper.java:141)\r\n\tat org.testng.internal.invokers.TestInvoker.invokeMethod(TestInvoker.java:687)\r\n\tat org.testng.internal.invokers.TestInvoker.invokeTestMethod(TestInvoker.java:230)\r\n\tat org.testng.internal.invokers.MethodRunner.runInSequence(MethodRunner.java:63)\r\n\tat org.testng.internal.invokers.TestInvoker$MethodInvocationAgent.invoke(TestInvoker.java:995)\r\n\tat org.testng.internal.invokers.TestInvoker.invokeTestMethods(TestInvoker.java:203)\r\n\tat org.testng.internal.invokers.TestMethodWorker.invokeTestMethods(TestMethodWorker.java:154)\r\n\tat org.testng.internal.invokers.TestMethodWorker.run(TestMethodWorker.java:134)\r\n\tat java.base/java.util.ArrayList.forEach(ArrayList.java:1604)\r\n\tat org.testng.TestRunner.privateRun(TestRunner.java:741)\r\n\tat org.testng.TestRunner.run(TestRunner.java:616)\r\n\tat org.testng.SuiteRunner.runTest(SuiteRunner.java:421)\r\n\tat org.testng.SuiteRunner.runSequentially(SuiteRunner.java:413)\r\n\tat org.testng.SuiteRunner.privateRun(SuiteRunner.java:373)\r\n\tat org.testng.SuiteRunner.run(SuiteRunner.java:312)\r\n\tat org.testng.SuiteRunnerWorker.runSuite(SuiteRunnerWorker.java:52)\r\n\tat org.testng.SuiteRunnerWorker.run(SuiteRunnerWorker.java:95)\r\n\tat org.testng.TestNG.runSuitesSequentially(TestNG.java:1274)\r\n\tat org.testng.TestNG.runSuitesLocally(TestNG.java:1208)\r\n\tat org.testng.TestNG.runSuites(TestNG.java:1112)\r\n\tat org.testng.TestNG.run(TestNG.java:1079)\r\n\tat org.apache.maven.surefire.testng.TestNGExecutor.run(TestNGExecutor.java:155)\r\n\tat org.apache.maven.surefire.testng.TestNGDirectoryTestSuite.executeSingleClass(TestNGDirectoryTestSuite.java:102)\r\n\tat org.apache.maven.surefire.testng.TestNGDirectoryTestSuite.execute(TestNGDirectoryTestSuite.java:91)\r\n\tat org.apache.maven.surefire.testng.TestNGProvider.invoke(TestNGProvider.java:137)\r\n\tat org.apache.maven.surefire.booter.ForkedBooter.runSuitesInProcess(ForkedBooter.java:385)\r\n\tat org.apache.maven.surefire.booter.ForkedBooter.execute(ForkedBooter.java:162)\r\n\tat org.apache.maven.surefire.booter.ForkedBooter.run(ForkedBooter.java:507)\r\n\tat org.apache.maven.surefire.booter.ForkedBooter.main(ForkedBooter.java:495)\r\n"},"stage":"finished","steps":[{"name":"Prepare test data from form.txt","status":"passed","stage":"finished","steps":[],"attachments":[],"parameters":[],"start":1767605156142,"stop":1767605156158},{"name":"Register attempt with VALID data","status":"passed","stage":"finished","steps":[],"attachments":[],"parameters":[],"start":1767605156159,"stop":1767605176968},{"name":"Login attempt with VALID credentials","status":"passed","stage":"finished","steps":[],"attachments":[],"parameters":[],"start":1767605178981,"stop":1767605185822},{"name":"Post-login user journey","status":"broken","statusDetails":{"known":false,"muted":false,"flaky":false,"message":"no such element: Unable to locate element: {\"method\":\"xpath\",\"selector\":\"/html/body/div[1]/div/div[2]/div[2]/div[2]/div[2]/a[2]\"}\n  (Session info: chrome=143.0.7499.170)\nFor documentation on this error, please visit: https://www.selenium.dev/documentation/webdriver/troubleshooting/errors#nosuchelementexception\nBuild info: version: '4.38.0', revision: '6b412e825c*'\nSystem info: os.name: 'Windows 11', os.arch: 'amd64', os.version: '10.0', java.version: '25.0.1'\nDriver info: org.openqa.selenium.chrome.ChromeDriver\nCommand: [37dfa6401ee440ffd2429fef3eb9d90c, findElement {value=/html/body/div[1]/div/div[2]/div[2]/div[2]/div[2]/a[2], using=xpath}]\nCapabilities {acceptInsecureCerts: false, browserName: chrome, browserVersion: 143.0.7499.170, chrome: {chromedriverVersion: 143.0.7499.169 (164b20aab62..., userDataDir: C:\\Users\\HP\\AppData\\Local\\T...}, fedcm:accounts: true, goog:chromeOptions: {debuggerAddress: localhost:53836}, goog:processID: 4060, networkConnectionEnabled: false, pageLoadStrategy: normal, platformName: windows, proxy: Proxy(), se:cdp: ws://localhost:53836/devtoo..., se:cdpVersion: 143.0.7499.170, setWindowRect: true, strictFileInteractability: false, timeouts: {implicit: 0, pageLoad: 300000, script: 30000}, unhandledPromptBehavior: dismiss and notify, webauthn:extension:credBlob: true, webauthn:extension:largeBlob: true, webauthn:extension:minPinLength: true, webauthn:extension:prf: true, webauthn:virtualAuthenticators: true}\nSession ID: 37dfa6401ee440ffd2429fef3eb9d90c","trace":"org.openqa.selenium.NoSuchElementException: no such element: Unable to locate element: {\"method\":\"xpath\",\"selector\":\"/html/body/div[1]/div/div[2]/div[2]/div[2]/div[2]/a[2]\"}\n  (Session info: chrome=143.0.7499.170)\nFor documentation on this error, please visit: https://www.selenium.dev/documentation/webdriver/troubleshooting/errors#nosuchelementexception\nBuild info: version: '4.38.0', revision: '6b412e825c*'\nSystem info: os.name: 'Windows 11', os.arch: 'amd64', os.version: '10.0', java.version: '25.0.1'\nDriver info: org.openqa.selenium.chrome.ChromeDriver\nCommand: [37dfa6401ee440ffd2429fef3eb9d90c, findElement {value=/html/body/div[1]/div/div[2]/div[2]/div[2]/div[2]/a[2], using=xpath}]\nCapabilities {acceptInsecureCerts: false, browserName: chrome, browserVersion: 143.0.7499.170, chrome: {chromedriverVersion: 143.0.7499.169 (164b20aab62..., userDataDir: C:\\Users\\HP\\AppData\\Local\\T...}, fedcm:accounts: true, goog:chromeOptions: {debuggerAddress: localhost:53836}, goog:processID: 4060, networkConnectionEnabled: false, pageLoadStrategy: normal, platformName: windows, proxy: Proxy(), se:cdp: ws://localhost:53836/devtoo..., se:cdpVersion: 143.0.7499.170, setWindowRect: true, strictFileInteractability: false, timeouts: {implicit: 0, pageLoad: 300000, script: 30000}, unhandledPromptBehavior: dismiss and notify, webauthn:extension:credBlob: true, webauthn:extension:largeBlob: true, webauthn:extension:minPinLength: true, webauthn:extension:prf: true, webauthn:virtualAuthenticators: true}\nSession ID: 37dfa6401ee440ffd2429fef3eb9d90c\r\n\tat java.base/jdk.internal.reflect.DirectConstructorHandleAccessor.newInstance(DirectConstructorHandleAccessor.java:62)\r\n\tat java.base/java.lang.reflect.Constructor.newInstanceWithCaller(Constructor.java:499)\r\n\tat java.base/java.lang.reflect.Constructor.newInstance(Constructor.java:483)\r\n\tat org.openqa.selenium.remote.ErrorCodec.decode(ErrorCodec.java:167)\r\n\tat org.openqa.selenium.remote.codec.w3c.W3CHttpResponseCodec.decode(W3CHttpResponseCodec.java:138)\r\n\tat org.openqa.selenium.remote.codec.w3c.W3CHttpResponseCodec.decode(W3CHttpResponseCodec.java:50)\r\n\tat org.openqa.selenium.remote.HttpCommandExecutor.execute(HttpCommandExecutor.java:215)\r\n\tat org.openqa.selenium.remote.service.DriverCommandExecutor.invokeExecute(DriverCommandExecutor.java:216)\r\n\tat org.openqa.selenium.remote.service.DriverCommandExecutor.execute(DriverCommandExecutor.java:174)\r\n\tat org.openqa.selenium.remote.RemoteWebDriver.execute(RemoteWebDriver.java:557)\r\n\tat org.openqa.selenium.remote.ElementLocation$ElementFinder$2.findElement(ElementLocation.java:165)\r\n\tat org.openqa.selenium.remote.ElementLocation.findElement(ElementLocation.java:59)\r\n\tat org.openqa.selenium.remote.RemoteWebDriver.findElement(RemoteWebDriver.java:380)\r\n\tat org.openqa.selenium.remote.RemoteWebDriver.findElement(RemoteWebDriver.java:374)\r\n\tat com.selenium.scenario3.lambda$13(scenario3.java:357)\r\n\tat io.qameta.allure.Allure.lambda$step$0(Allure.java:113)\r\n\tat io.qameta.allure.Allure.lambda$step$1(Allure.java:127)\r\n\tat io.qameta.allure.Allure.step(Allure.java:181)\r\n\tat io.qameta.allure.Allure.step(Allure.java:125)\r\n\tat io.qameta.allure.Allure.step(Allure.java:112)\r\n\tat com.selenium.scenario3.lambda$3(scenario3.java:356)\r\n\tat io.qameta.allure.Allure.lambda$step$0(Allure.java:113)\r\n\tat io.qameta.allure.Allure.lambda$step$1(Allure.java:127)\r\n\tat io.qameta.allure.Allure.step(Allure.java:181)\r\n\tat io.qameta.allure.Allure.step(Allure.java:125)\r\n\tat io.qameta.allure.Allure.step(Allure.java:112)\r\n\tat com.selenium.scenario3.testPascaLogin(scenario3.java:220)\r\n\tat com.selenium.AppTest.scenario3(AppTest.java:65)\r\n\tat java.base/jdk.internal.reflect.DirectMethodHandleAccessor.invoke(DirectMethodHandleAccessor.java:104)\r\n\tat java.base/java.lang.reflect.Method.invoke(Method.java:565)\r\n\tat org.testng.internal.invokers.MethodInvocationHelper.invokeMethod(MethodInvocationHelper.java:141)\r\n\tat org.testng.internal.invokers.TestInvoker.invokeMethod(TestInvoker.java:687)\r\n\tat org.testng.internal.invokers.TestInvoker.invokeTestMethod(TestInvoker.java:230)\r\n\tat org.testng.internal.invokers.MethodRunner.runInSequence(MethodRunner.java:63)\r\n\tat org.testng.internal.invokers.TestInvoker$MethodInvocationAgent.invoke(TestInvoker.java:995)\r\n\tat org.testng.internal.invokers.TestInvoker.invokeTestMethods(TestInvoker.java:203)\r\n\tat org.testng.internal.invokers.TestMethodWorker.invokeTestMethods(TestMethodWorker.java:154)\r\n\tat org.testng.internal.invokers.TestMethodWorker.run(TestMethodWorker.java:134)\r\n\tat java.base/java.util.ArrayList.forEach(ArrayList.java:1604)\r\n\tat org.testng.TestRunner.privateRun(TestRunner.java:741)\r\n\tat org.testng.TestRunner.run(TestRunner.java:616)\r\n\tat org.testng.SuiteRunner.runTest(SuiteRunner.java:421)\r\n\tat org.testng.SuiteRunner.runSequentially(SuiteRunner.java:413)\r\n\tat org.testng.SuiteRunner.privateRun(SuiteRunner.java:373)\r\n\tat org.testng.SuiteRunner.run(SuiteRunner.java:312)\r\n\tat org.testng.SuiteRunnerWorker.runSuite(SuiteRunnerWorker.java:52)\r\n\tat org.testng.SuiteRunnerWorker.run(SuiteRunnerWorker.java:95)\r\n\tat org.testng.TestNG.runSuitesSequentially(TestNG.java:1274)\r\n\tat org.testng.TestNG.runSuitesLocally(TestNG.java:1208)\r\n\tat org.testng.TestNG.runSuites(TestNG.java:1112)\r\n\tat org.testng.TestNG.run(TestNG.java:1079)\r\n\tat org.apache.maven.surefire.testng.TestNGExecutor.run(TestNGExecutor.java:155)\r\n\tat org.apache.maven.surefire.testng.TestNGDirectoryTestSuite.executeSingleClass(TestNGDirectoryTestSuite.java:102)\r\n\tat org.apache.maven.surefire.testng.TestNGDirectoryTestSuite.execute(TestNGDirectoryTestSuite.java:91)\r\n\tat org.apache.maven.surefire.testng.TestNGProvider.invoke(TestNGProvider.java:137)\r\n\tat org.apache.maven.surefire.booter.ForkedBooter.runSuitesInProcess(ForkedBooter.java:385)\r\n\tat org.apache.maven.surefire.booter.ForkedBooter.execute(ForkedBooter.java:162)\r\n\tat org.apache.maven.surefire.booter.ForkedBooter.run(ForkedBooter.java:507)\r\n\tat org.apache.maven.surefire.booter.ForkedBooter.main(ForkedBooter.java:495)\r\n"},"stage":"finished","steps":[{"name":"Verify dashboard navigation","status":"passed","stage":"finished","steps":[],"attachments":[],"parameters":[],"start":1767605185823,"stop":1767605195111},{"name":"Verify orders & cancel order","status":"passed","stage":"finished","steps":[],"attachments":[],"parameters":[],"start":1767605195112,"stop":1767605202598},{"name":"Verify proposals page","status":"passed","stage":"finished","steps":[],"attachments":[],"parameters":[],"start":1767605202599,"stop":1767605204698},{"name":"Verify tickets navigation","status":"passed","stage":"finished","steps":[],"attachments":[],"parameters":[],"start":1767605204698,"stop":1767605211347},{"name":"Create & reply support ticket","status":"passed","stage":"finished","steps":[],"attachments":[],"parameters":[],"start":1767605211347,"stop":1767605232512},{"name":"Verify affiliate section","status":"passed","stage":"finished","steps":[],"attachments":[],"parameters":[],"start":1767605232513,"stop":1767605234605},{"name":"Verify ticket filters & detail","status":"passed","stage":"finished","steps":[],"attachments":[],"parameters":[],"start":1767605234605,"stop":1767605248279},{"name":"Update profile & change password","status":"passed","stage":"finished","steps":[],"attachments":[],"parameters":[],"start":1767605248279,"stop":1767605260776},{"name":"Update newsletter preferences","status":"passed","stage":"finished","steps":[],"attachments":[],"parameters":[],"start":1767605260777,"stop":1767605265098},{"name":"Logout user","status":"broken","statusDetails":{"known":false,"muted":false,"flaky":false,"message":"no such element: Unable to locate element: {\"method\":\"xpath\",\"selector\":\"/html/body/div[1]/div/div[2]/div[2]/div[2]/div[2]/a[2]\"}\n  (Session info: chrome=143.0.7499.170)\nFor documentation on this error, please visit: https://www.selenium.dev/documentation/webdriver/troubleshooting/errors#nosuchelementexception\nBuild info: version: '4.38.0', revision: '6b412e825c*'\nSystem info: os.name: 'Windows 11', os.arch: 'amd64', os.version: '10.0', java.version: '25.0.1'\nDriver info: org.openqa.selenium.chrome.ChromeDriver\nCommand: [37dfa6401ee440ffd2429fef3eb9d90c, findElement {value=/html/body/div[1]/div/div[2]/div[2]/div[2]/div[2]/a[2], using=xpath}]\nCapabilities {acceptInsecureCerts: false, browserName: chrome, browserVersion: 143.0.7499.170, chrome: {chromedriverVersion: 143.0.7499.169 (164b20aab62..., userDataDir: C:\\Users\\HP\\AppData\\Local\\T...}, fedcm:accounts: true, goog:chromeOptions: {debuggerAddress: localhost:53836}, goog:processID: 4060, networkConnectionEnabled: false, pageLoadStrategy: normal, platformName: windows, proxy: Proxy(), se:cdp: ws://localhost:53836/devtoo..., se:cdpVersion: 143.0.7499.170, setWindowRect: true, strictFileInteractability: false, timeouts: {implicit: 0, pageLoad: 300000, script: 30000}, unhandledPromptBehavior: dismiss and notify, webauthn:extension:credBlob: true, webauthn:extension:largeBlob: true, webauthn:extension:minPinLength: true, webauthn:extension:prf: true, webauthn:virtualAuthenticators: true}\nSession ID: 37dfa6401ee440ffd2429fef3eb9d90c","trace":"org.openqa.selenium.NoSuchElementException: no such element: Unable to locate element: {\"method\":\"xpath\",\"selector\":\"/html/body/div[1]/div/div[2]/div[2]/div[2]/div[2]/a[2]\"}\n  (Session info: chrome=143.0.7499.170)\nFor documentation on this error, please visit: https://www.selenium.dev/documentation/webdriver/troubleshooting/errors#nosuchelementexception\nBuild info: version: '4.38.0', revision: '6b412e825c*'\nSystem info: os.name: 'Windows 11', os.arch: 'amd64', os.version: '10.0', java.version: '25.0.1'\nDriver info: org.openqa.selenium.chrome.ChromeDriver\nCommand: [37dfa6401ee440ffd2429fef3eb9d90c, findElement {value=/html/body/div[1]/div/div[2]/div[2]/div[2]/div[2]/a[2], using=xpath}]\nCapabilities {acceptInsecureCerts: false, browserName: chrome, browserVersion: 143.0.7499.170, chrome: {chromedriverVersion: 143.0.7499.169 (164b20aab62..., userDataDir: C:\\Users\\HP\\AppData\\Local\\T...}, fedcm:accounts: true, goog:chromeOptions: {debuggerAddress: localhost:53836}, goog:processID: 4060, networkConnectionEnabled: false, pageLoadStrategy: normal, platformName: windows, proxy: Proxy(), se:cdp: ws://localhost:53836/devtoo..., se:cdpVersion: 143.0.7499.170, setWindowRect: true, strictFileInteractability: false, timeouts: {implicit: 0, pageLoad: 300000, script: 30000}, unhandledPromptBehavior: dismiss and notify, webauthn:extension:credBlob: true, webauthn:extension:largeBlob: true, webauthn:extension:minPinLength: true, webauthn:extension:prf: true, webauthn:virtualAuthenticators: true}\nSession ID: 37dfa6401ee440ffd2429fef3eb9d90c\r\n\tat java.base/jdk.internal.reflect.DirectConstructorHandleAccessor.newInstance(DirectConstructorHandleAccessor.java:62)\r\n\tat java.base/java.lang.reflect.Constructor.newInstanceWithCaller(Constructor.java:499)\r\n\tat java.base/java.lang.reflect.Constructor.newInstance(Constructor.java:483)\r\n\tat org.openqa.selenium.remote.ErrorCodec.decode(ErrorCodec.java:167)\r\n\tat org.openqa.selenium.remote.codec.w3c.W3CHttpResponseCodec.decode(W3CHttpResponseCodec.java:138)\r\n\tat org.openqa.selenium.remote.codec.w3c.W3CHttpResponseCodec.decode(W3CHttpResponseCodec.java:50)\r\n\tat org.openqa.selenium.remote.HttpCommandExecutor.execute(HttpCommandExecutor.java:215)\r\n\tat org.openqa.selenium.remote.service.DriverCommandExecutor.invokeExecute(DriverCommandExecutor.java:216)\r\n\tat org.openqa.selenium.remote.service.DriverCommandExecutor.execute(DriverCommandExecutor.java:174)\r\n\tat org.openqa.selenium.remote.RemoteWebDriver.execute(RemoteWebDriver.java:557)\r\n\tat org.openqa.selenium.remote.ElementLocation$ElementFinder$2.findElement(ElementLocation.java:165)\r\n\tat org.openqa.selenium.remote.ElementLocation.findElement(ElementLocation.java:59)\r\n\tat org.openqa.selenium.remote.RemoteWebDriver.findElement(RemoteWebDriver.java:380)\r\n\tat org.openqa.selenium.remote.RemoteWebDriver.findElement(RemoteWebDriver.java:374)\r\n\tat com.selenium.scenario3.lambda$13(scenario3.java:357)\r\n\tat io.qameta.allure.Allure.lambda$step$0(Allure.java:113)\r\n\tat io.qameta.allure.Allure.lambda$step$1(Allure.java:127)\r\n\tat io.qameta.allure.Allure.step(Allure.java:181)\r\n\tat io.qameta.allure.Allure.step(Allure.java:125)\r\n\tat io.qameta.allure.Allure.step(Allure.java:112)\r\n\tat com.selenium.scenario3.lambda$3(scenario3.java:356)\r\n\tat io.qameta.allure.Allure.lambda$step$0(Allure.java:113)\r\n\tat io.qameta.allure.Allure.lambda$step$1(Allure.java:127)\r\n\tat io.qameta.allure.Allure.step(Allure.java:181)\r\n\tat io.qameta.allure.Allure.step(Allure.java:125)\r\n\tat io.qameta.allure.Allure.step(Allure.java:112)\r\n\tat com.selenium.scenario3.testPascaLogin(scenario3.java:220)\r\n\tat com.selenium.AppTest.scenario3(AppTest.java:65)\r\n\tat java.base/jdk.internal.reflect.DirectMethodHandleAccessor.invoke(DirectMethodHandleAccessor.java:104)\r\n\tat java.base/java.lang.reflect.Method.invoke(Method.java:565)\r\n\tat org.testng.internal.invokers.MethodInvocationHelper.invokeMethod(MethodInvocationHelper.java:141)\r\n\tat org.testng.internal.invokers.TestInvoker.invokeMethod(TestInvoker.java:687)\r\n\tat org.testng.internal.invokers.TestInvoker.invokeTestMethod(TestInvoker.java:230)\r\n\tat org.testng.internal.invokers.MethodRunner.runInSequence(MethodRunner.java:63)\r\n\tat org.testng.internal.invokers.TestInvoker$MethodInvocationAgent.invoke(TestInvoker.java:995)\r\n\tat org.testng.internal.invokers.TestInvoker.invokeTestMethods(TestInvoker.java:203)\r\n\tat org.testng.internal.invokers.TestMethodWorker.invokeTestMethods(TestMethodWorker.java:154)\r\n\tat org.testng.internal.invokers.TestMethodWorker.run(TestMethodWorker.java:134)\r\n\tat java.base/java.util.ArrayList.forEach(ArrayList.java:1604)\r\n\tat org.testng.TestRunner.privateRun(TestRunner.java:741)\r\n\tat org.testng.TestRunner.run(TestRunner.java:616)\r\n\tat org.testng.SuiteRunner.runTest(SuiteRunner.java:421)\r\n\tat org.testng.SuiteRunner.runSequentially(SuiteRunner.java:413)\r\n\tat org.testng.SuiteRunner.privateRun(SuiteRunner.java:373)\r\n\tat org.testng.SuiteRunner.run(SuiteRunner.java:312)\r\n\tat org.testng.SuiteRunnerWorker.runSuite(SuiteRunnerWorker.java:52)\r\n\tat org.testng.SuiteRunnerWorker.run(SuiteRunnerWorker.java:95)\r\n\tat org.testng.TestNG.runSuitesSequentially(TestNG.java:1274)\r\n\tat org.testng.TestNG.runSuitesLocally(TestNG.java:1208)\r\n\tat org.testng.TestNG.runSuites(TestNG.java:1112)\r\n\tat org.testng.TestNG.run(TestNG.java:1079)\r\n\tat org.apache.maven.surefire.testng.TestNGExecutor.run(TestNGExecutor.java:155)\r\n\tat org.apache.maven.surefire.testng.TestNGDirectoryTestSuite.executeSingleClass(TestNGDirectoryTestSuite.java:102)\r\n\tat org.apache.maven.surefire.testng.TestNGDirectoryTestSuite.execute(TestNGDirectoryTestSuite.java:91)\r\n\tat org.apache.maven.surefire.testng.TestNGProvider.invoke(TestNGProvider.java:137)\r\n\tat org.apache.maven.surefire.booter.ForkedBooter.runSuitesInProcess(ForkedBooter.java:385)\r\n\tat org.apache.maven.surefire.booter.ForkedBooter.execute(ForkedBooter.java:162)\r\n\tat org.apache.maven.surefire.booter.ForkedBooter.run(ForkedBooter.java:507)\r\n\tat org.apache.maven.surefire.booter.ForkedBooter.main(ForkedBooter.java:495)\r\n"},"stage":"finished","steps":[],"attachments":[],"parameters":[],"start":1767605265099,"stop":1767605265123}],"attachments":[],"parameters":[],"start":1767605185822,"stop":1767605265124}],"attachments":[],"parameters":[],"start":1767605156137,"stop":1767605265131}