<?xml version="1.0" encoding="UTF-8"?>
<!-- Generated by org.testng.reporters.JUnitReportReporter -->
<testsuite hostname="LAPTOP-TF3UG3BA" failures="0" tests="3" name="com.selenium.AppTest" time="2033.523" errors="0" timestamp="2026-01-09T16:30:47 WIB" skipped="0">
  <testcase classname="com.selenium.AppTest" name="scenario1" time="514.349"/>
  <testcase classname="com.selenium.AppTest" name="scenario2" time="587.333"/>
  <testcase classname="com.selenium.AppTest" name="scenario3" time="931.841"/>
</testsuite> <!-- com.selenium.AppTest -->
