<?xml version="1.0" encoding="UTF-8"?>
<!-- Generated by org.testng.reporters.JUnitReportReporter -->
<testsuite hostname="LAPTOP-TF3UG3BA" failures="0" tests="3" name="com.selenium.AppTest" time="2.674" errors="0" timestamp="2026-01-07T23:40:24 WIB" skipped="0">
  <testcase classname="com.selenium.AppTest" name="scenario1" time="0.060"/>
  <testcase classname="com.selenium.AppTest" name="scenario2" time="2.611"/>
  <testcase classname="com.selenium.AppTest" name="scenario3" time="0.003"/>
</testsuite> <!-- com.selenium.AppTest -->
