<?xml version="1.0" encoding="UTF-8"?>
<!-- Generated by org.testng.reporters.JUnitReportReporter -->
<testsuite hostname="LAPTOP-0KKIJATU" failures="0" tests="3" name="com.selenium.AppTest" time="1028.790" errors="0" timestamp="2026-01-08T17:05:46 WIB" skipped="0">
  <testcase classname="com.selenium.AppTest" name="scenario1" time="0.108"/>
  <testcase classname="com.selenium.AppTest" name="scenario2" time="0.003"/>
  <testcase classname="com.selenium.AppTest" name="scenario3" time="1028.679"/>
</testsuite> <!-- com.selenium.AppTest -->
