<?xml version="1.0" encoding="UTF-8"?>
<!-- Generated by org.testng.reporters.JUnitReportReporter -->
<testsuite hostname="LAPTOP-TF3UG3BA" failures="0" tests="3" name="com.selenium.AppTest" time="340.185" errors="0" timestamp="2026-01-08T14:37:58 WIB" skipped="0">
  <testcase classname="com.selenium.AppTest" name="scenario1" time="0.054"/>
  <testcase classname="com.selenium.AppTest" name="scenario2" time="340.127"/>
  <testcase classname="com.selenium.AppTest" name="scenario3" time="0.004"/>
</testsuite> <!-- com.selenium.AppTest -->
