<?xml version="1.0" encoding="UTF-8"?>
<!-- Generated by org.testng.reporters.JUnitReportReporter -->
<testsuite hostname="LAPTOP-0KKIJATU" failures="0" tests="3" name="com.selenium.AppTest" time="58.924" errors="0" timestamp="2025-12-24T20:13:38 WIB" skipped="0">
  <testcase classname="com.selenium.AppTest" name="scenario1" time="0.083"/>
  <testcase classname="com.selenium.AppTest" name="scenario2" time="0.004"/>
  <testcase classname="com.selenium.AppTest" name="scenario3" time="58.837"/>
</testsuite> <!-- com.selenium.AppTest -->
