<?xml version="1.0" encoding="UTF-8"?>
<!-- Generated by org.testng.reporters.JUnitReportReporter -->
<testsuite hostname="LAPTOP-0KKIJATU" failures="0" tests="3" name="com.selenium.AppTest" time="39.004" errors="0" timestamp="2025-12-28T03:08:13 WIB" skipped="0">
  <testcase classname="com.selenium.AppTest" name="scenario1" time="0.096"/>
  <testcase classname="com.selenium.AppTest" name="scenario2" time="0.005"/>
  <testcase classname="com.selenium.AppTest" name="scenario3" time="38.903"/>
</testsuite> <!-- com.selenium.AppTest -->
