# JRE version: OpenJDK Runtime Environment Temurin-21.0.9+10 (21.0.9+10) (build 21.0.9+10-LTS)
# Java VM: OpenJDK 64-Bit Server VM Temurin-21.0.9+10 (21.0.9+10-LTS, mixed mode, sharing, tiered, compressed oops, compressed class ptrs, parallel gc, windows-amd64)
GC Precious Log:
 CardTable entry size: 512
 CPUs: 8 total, 8 available
 Memory: 6057M
 Large Page Support: Disabled
 NUMA Support: Disabled
 Compressed Oops: Enabled (32-bit)
 Alignments: Space 512K, Generation 512K, Heap 2M
 Heap Min Capacity: 100M
 Heap Initial Capacity: 100M
 Heap Max Capacity: 2G
 Pre-touch: Disabled
 Parallel Workers: 8
Heap:
 PSYoungGen      total 23040K, used 19556K [0x00000000d5580000, 0x00000000d7200000, 0x0000000100000000)
  eden space 22016K, 84% used [0x00000000d5580000,0x00000000d679c490,0x00000000d6b00000)
  from space 1024K, 98% used [0x00000000d6f00000,0x00000000d6ffcc78,0x00000000d7000000)
  to   space 3584K, 0% used [0x00000000d6b00000,0x00000000d6b00000,0x00000000d6e80000)
 ParOldGen       total 68608K, used 45172K [0x0000000080000000, 0x0000000084300000, 0x00000000d5580000)
  object space 68608K, 65% used [0x0000000080000000,0x0000000082c1d170,0x0000000084300000)
 Metaspace       used 51576K, committed 52928K, reserved 1114112K
  class space    used 5641K, committed 6208K, reserved 1048576K
GC Heap History (20 events):
Event: 21.471 GC heap before
{Heap before GC invocations=21 (full 2):
 PSYoungGen      total 23040K, used 22816K [0x00000000d5580000, 0x00000000d6f80000, 0x0000000100000000)
  eden space 22016K, 100% used [0x00000000d5580000,0x00000000d6b00000,0x00000000d6b00000)
  from space 1024K, 78% used [0x00000000d6e80000,0x00000000d6f48000,0x00000000d6f80000)
  to   space 1536K, 0% used [0x00000000d6c80000,0x00000000d6c80000,0x00000000d6e00000)
 ParOldGen       total 68608K, used 22313K [0x0000000080000000, 0x0000000084300000, 0x00000000d5580000)
  object space 68608K, 32% used [0x0000000080000000,0x00000000815ca558,0x0000000084300000)
 Metaspace       used 44796K, committed 46016K, reserved 1114112K
  class space    used 4896K, committed 5440K, reserved 1048576K
}
Event: 21.480 GC heap after
{Heap after GC invocations=21 (full 2):
 PSYoungGen      total 23552K, used 1510K [0x00000000d5580000, 0x00000000d7d00000, 0x0000000100000000)
  eden space 22016K, 0% used [0x00000000d5580000,0x00000000d5580000,0x00000000d6b00000)
  from space 1536K, 98% used [0x00000000d6c80000,0x00000000d6df9808,0x00000000d6e00000)
  to   space 9216K, 0% used [0x00000000d7400000,0x00000000d7400000,0x00000000d7d00000)
 ParOldGen       total 68608K, used 28658K [0x0000000080000000, 0x0000000084300000, 0x00000000d5580000)
  object space 68608K, 41% used [0x0000000080000000,0x0000000081bfcba0,0x0000000084300000)
 Metaspace       used 44796K, committed 46016K, reserved 1114112K
  class space    used 4896K, committed 5440K, reserved 1048576K
}
Event: 22.617 GC heap before
{Heap before GC invocations=22 (full 2):
 PSYoungGen      total 23552K, used 23526K [0x00000000d5580000, 0x00000000d7d00000, 0x0000000100000000)
  eden space 22016K, 100% used [0x00000000d5580000,0x00000000d6b00000,0x00000000d6b00000)
  from space 1536K, 98% used [0x00000000d6c80000,0x00000000d6df9808,0x00000000d6e00000)
  to   space 9216K, 0% used [0x00000000d7400000,0x00000000d7400000,0x00000000d7d00000)
 ParOldGen       total 68608K, used 28658K [0x0000000080000000, 0x0000000084300000, 0x00000000d5580000)
  object space 68608K, 41% used [0x0000000080000000,0x0000000081bfcba0,0x0000000084300000)
 Metaspace       used 46597K, committed 47872K, reserved 1114112K
  class space    used 5095K, committed 5632K, reserved 1048576K
}
Event: 22.625 GC heap after
{Heap after GC invocations=22 (full 2):
 PSYoungGen      total 23552K, used 1334K [0x00000000d5580000, 0x00000000d7580000, 0x0000000100000000)
  eden space 22016K, 0% used [0x00000000d5580000,0x00000000d5580000,0x00000000d6b00000)
  from space 1536K, 86% used [0x00000000d7400000,0x00000000d754dbf0,0x00000000d7580000)
  to   space 4096K, 0% used [0x00000000d6d80000,0x00000000d6d80000,0x00000000d7180000)
 ParOldGen       total 68608K, used 30181K [0x0000000080000000, 0x0000000084300000, 0x00000000d5580000)
  object space 68608K, 43% used [0x0000000080000000,0x0000000081d797a0,0x0000000084300000)
 Metaspace       used 46597K, committed 47872K, reserved 1114112K
  class space    used 5095K, committed 5632K, reserved 1048576K
}
Event: 24.027 GC heap before
{Heap before GC invocations=23 (full 2):
 PSYoungGen      total 23552K, used 23350K [0x00000000d5580000, 0x00000000d7580000, 0x0000000100000000)
  eden space 22016K, 100% used [0x00000000d5580000,0x00000000d6b00000,0x00000000d6b00000)
  from space 1536K, 86% used [0x00000000d7400000,0x00000000d754dbf0,0x00000000d7580000)
  to   space 4096K, 0% used [0x00000000d6d80000,0x00000000d6d80000,0x00000000d7180000)
 ParOldGen       total 68608K, used 30181K [0x0000000080000000, 0x0000000084300000, 0x00000000d5580000)
  object space 68608K, 43% used [0x0000000080000000,0x0000000081d797a0,0x0000000084300000)
 Metaspace       used 48305K, committed 49664K, reserved 1114112K
  class space    used 5262K, committed 5824K, reserved 1048576K
}
Event: 24.033 GC heap after
{Heap after GC invocations=23 (full 2):
 PSYoungGen      total 26112K, used 1712K [0x00000000d5580000, 0x00000000d7480000, 0x0000000100000000)
  eden space 22016K, 0% used [0x00000000d5580000,0x00000000d5580000,0x00000000d6b00000)
  from space 4096K, 41% used [0x00000000d6d80000,0x00000000d6f2c138,0x00000000d7180000)
  to   space 2048K, 0% used [0x00000000d7280000,0x00000000d7280000,0x00000000d7480000)
 ParOldGen       total 68608K, used 31187K [0x0000000080000000, 0x0000000084300000, 0x00000000d5580000)
  object space 68608K, 45% used [0x0000000080000000,0x0000000081e74c08,0x0000000084300000)
 Metaspace       used 48305K, committed 49664K, reserved 1114112K
  class space    used 5262K, committed 5824K, reserved 1048576K
}
Event: 24.604 GC heap before
{Heap before GC invocations=24 (full 2):
 PSYoungGen      total 26112K, used 23728K [0x00000000d5580000, 0x00000000d7480000, 0x0000000100000000)
  eden space 22016K, 100% used [0x00000000d5580000,0x00000000d6b00000,0x00000000d6b00000)
  from space 4096K, 41% used [0x00000000d6d80000,0x00000000d6f2c138,0x00000000d7180000)
  to   space 2048K, 0% used [0x00000000d7280000,0x00000000d7280000,0x00000000d7480000)
 ParOldGen       total 68608K, used 31187K [0x0000000080000000, 0x0000000084300000, 0x00000000d5580000)
  object space 68608K, 45% used [0x0000000080000000,0x0000000081e74c08,0x0000000084300000)
 Metaspace       used 48407K, committed 49792K, reserved 1114112K
  class space    used 5267K, committed 5824K, reserved 1048576K
}
Event: 24.612 GC heap after
{Heap after GC invocations=24 (full 2):
 PSYoungGen      total 24064K, used 2016K [0x00000000d5580000, 0x00000000d7480000, 0x0000000100000000)
  eden space 22016K, 0% used [0x00000000d5580000,0x00000000d5580000,0x00000000d6b00000)
  from space 2048K, 98% used [0x00000000d7280000,0x00000000d7478010,0x00000000d7480000)
  to   space 2560K, 0% used [0x00000000d6f80000,0x00000000d6f80000,0x00000000d7200000)
 ParOldGen       total 68608K, used 32721K [0x0000000080000000, 0x0000000084300000, 0x00000000d5580000)
  object space 68608K, 47% used [0x0000000080000000,0x0000000081ff4758,0x0000000084300000)
 Metaspace       used 48407K, committed 49792K, reserved 1114112K
  class space    used 5267K, committed 5824K, reserved 1048576K
}
Event: 24.939 GC heap before
{Heap before GC invocations=25 (full 2):
 PSYoungGen      total 24064K, used 24032K [0x00000000d5580000, 0x00000000d7480000, 0x0000000100000000)
  eden space 22016K, 100% used [0x00000000d5580000,0x00000000d6b00000,0x00000000d6b00000)
  from space 2048K, 98% used [0x00000000d7280000,0x00000000d7478010,0x00000000d7480000)
  to   space 2560K, 0% used [0x00000000d6f80000,0x00000000d6f80000,0x00000000d7200000)
 ParOldGen       total 68608K, used 32721K [0x0000000080000000, 0x0000000084300000, 0x00000000d5580000)
  object space 68608K, 47% used [0x0000000080000000,0x0000000081ff4758,0x0000000084300000)
 Metaspace       used 48784K, committed 50112K, reserved 1114112K
  class space    used 5324K, committed 5888K, reserved 1048576K
}
Event: 24.948 GC heap after
{Heap after GC invocations=25 (full 2):
 PSYoungGen      total 24576K, used 2210K [0x00000000d5580000, 0x00000000d7300000, 0x0000000100000000)
  eden space 22016K, 0% used [0x00000000d5580000,0x00000000d5580000,0x00000000d6b00000)
  from space 2560K, 86% used [0x00000000d6f80000,0x00000000d71a8810,0x00000000d7200000)
  to   space 1024K, 0% used [0x00000000d7200000,0x00000000d7200000,0x00000000d7300000)
 ParOldGen       total 68608K, used 34561K [0x0000000080000000, 0x0000000084300000, 0x00000000d5580000)
  object space 68608K, 50% used [0x0000000080000000,0x00000000821c0778,0x0000000084300000)
 Metaspace       used 48784K, committed 50112K, reserved 1114112K
  class space    used 5324K, committed 5888K, reserved 1048576K
}
Event: 25.239 GC heap before
{Heap before GC invocations=26 (full 2):
 PSYoungGen      total 24576K, used 24226K [0x00000000d5580000, 0x00000000d7300000, 0x0000000100000000)
  eden space 22016K, 100% used [0x00000000d5580000,0x00000000d6b00000,0x00000000d6b00000)
  from space 2560K, 86% used [0x00000000d6f80000,0x00000000d71a8810,0x00000000d7200000)
  to   space 1024K, 0% used [0x00000000d7200000,0x00000000d7200000,0x00000000d7300000)
 ParOldGen       total 68608K, used 34561K [0x0000000080000000, 0x0000000084300000, 0x00000000d5580000)
  object space 68608K, 50% used [0x0000000080000000,0x00000000821c0778,0x0000000084300000)
 Metaspace       used 48791K, committed 50176K, reserved 1114112K
  class space    used 5324K, committed 5888K, reserved 1048576K
}
Event: 25.248 GC heap after
{Heap after GC invocations=26 (full 2):
 PSYoungGen      total 23040K, used 1024K [0x00000000d5580000, 0x00000000d7500000, 0x0000000100000000)
  eden space 22016K, 0% used [0x00000000d5580000,0x00000000d5580000,0x00000000d6b00000)
  from space 1024K, 100% used [0x00000000d7200000,0x00000000d7300000,0x00000000d7300000)
  to   space 5120K, 0% used [0x00000000d6b00000,0x00000000d6b00000,0x00000000d7000000)
 ParOldGen       total 68608K, used 37822K [0x0000000080000000, 0x0000000084300000, 0x00000000d5580000)
  object space 68608K, 55% used [0x0000000080000000,0x00000000824ef928,0x0000000084300000)
 Metaspace       used 48791K, committed 50176K, reserved 1114112K
  class space    used 5324K, committed 5888K, reserved 1048576K
}
Event: 25.561 GC heap before
{Heap before GC invocations=27 (full 2):
 PSYoungGen      total 23040K, used 23040K [0x00000000d5580000, 0x00000000d7500000, 0x0000000100000000)
  eden space 22016K, 100% used [0x00000000d5580000,0x00000000d6b00000,0x00000000d6b00000)
  from space 1024K, 100% used [0x00000000d7200000,0x00000000d7300000,0x00000000d7300000)
  to   space 5120K, 0% used [0x00000000d6b00000,0x00000000d6b00000,0x00000000d7000000)
 ParOldGen       total 68608K, used 37822K [0x0000000080000000, 0x0000000084300000, 0x00000000d5580000)
  object space 68608K, 55% used [0x0000000080000000,0x00000000824ef928,0x0000000084300000)
 Metaspace       used 48797K, committed 50176K, reserved 1114112K
  class space    used 5324K, committed 5888K, reserved 1048576K
}
Event: 25.568 GC heap after
{Heap after GC invocations=27 (full 2):
 PSYoungGen      total 24064K, used 2020K [0x00000000d5580000, 0x00000000d7280000, 0x0000000100000000)
  eden space 22016K, 0% used [0x00000000d5580000,0x00000000d5580000,0x00000000d6b00000)
  from space 2048K, 98% used [0x00000000d6b00000,0x00000000d6cf9000,0x00000000d6d00000)
  to   space 3072K, 0% used [0x00000000d6f80000,0x00000000d6f80000,0x00000000d7280000)
 ParOldGen       total 68608K, used 38876K [0x0000000080000000, 0x0000000084300000, 0x00000000d5580000)
  object space 68608K, 56% used [0x0000000080000000,0x00000000825f72d8,0x0000000084300000)
 Metaspace       used 48797K, committed 50176K, reserved 1114112K
  class space    used 5324K, committed 5888K, reserved 1048576K
}
Event: 25.765 GC heap before
{Heap before GC invocations=28 (full 2):
 PSYoungGen      total 24064K, used 24036K [0x00000000d5580000, 0x00000000d7280000, 0x0000000100000000)
  eden space 22016K, 100% used [0x00000000d5580000,0x00000000d6b00000,0x00000000d6b00000)
  from space 2048K, 98% used [0x00000000d6b00000,0x00000000d6cf9000,0x00000000d6d00000)
  to   space 3072K, 0% used [0x00000000d6f80000,0x00000000d6f80000,0x00000000d7280000)
 ParOldGen       total 68608K, used 38876K [0x0000000080000000, 0x0000000084300000, 0x00000000d5580000)
  object space 68608K, 56% used [0x0000000080000000,0x00000000825f72d8,0x0000000084300000)
 Metaspace       used 48809K, committed 50176K, reserved 1114112K
  class space    used 5325K, committed 5888K, reserved 1048576K
}
Event: 25.774 GC heap after
{Heap after GC invocations=28 (full 2):
 PSYoungGen      total 24576K, used 2176K [0x00000000d5580000, 0x00000000d7200000, 0x0000000100000000)
  eden space 22016K, 0% used [0x00000000d5580000,0x00000000d5580000,0x00000000d6b00000)
  from space 2560K, 85% used [0x00000000d6f80000,0x00000000d71a0010,0x00000000d7200000)
  to   space 2560K, 0% used [0x00000000d6d00000,0x00000000d6d00000,0x00000000d6f80000)
 ParOldGen       total 68608K, used 40778K [0x0000000080000000, 0x0000000084300000, 0x00000000d5580000)
  object space 68608K, 59% used [0x0000000080000000,0x00000000827d2900,0x0000000084300000)
 Metaspace       used 48809K, committed 50176K, reserved 1114112K
  class space    used 5325K, committed 5888K, reserved 1048576K
}
Event: 26.006 GC heap before
{Heap before GC invocations=29 (full 2):
 PSYoungGen      total 24576K, used 24192K [0x00000000d5580000, 0x00000000d7200000, 0x0000000100000000)
  eden space 22016K, 100% used [0x00000000d5580000,0x00000000d6b00000,0x00000000d6b00000)
  from space 2560K, 85% used [0x00000000d6f80000,0x00000000d71a0010,0x00000000d7200000)
  to   space 2560K, 0% used [0x00000000d6d00000,0x00000000d6d00000,0x00000000d6f80000)
 ParOldGen       total 68608K, used 40778K [0x0000000080000000, 0x0000000084300000, 0x00000000d5580000)
  object space 68608K, 59% used [0x0000000080000000,0x00000000827d2900,0x0000000084300000)
 Metaspace       used 48840K, committed 50176K, reserved 1114112K
  class space    used 5325K, committed 5888K, reserved 1048576K
}
Event: 26.013 GC heap after
{Heap after GC invocations=29 (full 2):
 PSYoungGen      total 24064K, used 1888K [0x00000000d5580000, 0x00000000d7000000, 0x0000000100000000)
  eden space 22016K, 0% used [0x00000000d5580000,0x00000000d5580000,0x00000000d6b00000)
  from space 2048K, 92% used [0x00000000d6d00000,0x00000000d6ed8000,0x00000000d6f00000)
  to   space 1024K, 0% used [0x00000000d6f00000,0x00000000d6f00000,0x00000000d7000000)
 ParOldGen       total 68608K, used 42874K [0x0000000080000000, 0x0000000084300000, 0x00000000d5580000)
  object space 68608K, 62% used [0x0000000080000000,0x00000000829de910,0x0000000084300000)
 Metaspace       used 48840K, committed 50176K, reserved 1114112K
  class space    used 5325K, committed 5888K, reserved 1048576K
}
Event: 26.943 GC heap before
{Heap before GC invocations=30 (full 2):
 PSYoungGen      total 24064K, used 23904K [0x00000000d5580000, 0x00000000d7000000, 0x0000000100000000)
  eden space 22016K, 100% used [0x00000000d5580000,0x00000000d6b00000,0x00000000d6b00000)
  from space 2048K, 92% used [0x00000000d6d00000,0x00000000d6ed8000,0x00000000d6f00000)
  to   space 1024K, 0% used [0x00000000d6f00000,0x00000000d6f00000,0x00000000d7000000)
 ParOldGen       total 68608K, used 42874K [0x0000000080000000, 0x0000000084300000, 0x00000000d5580000)
  object space 68608K, 62% used [0x0000000080000000,0x00000000829de910,0x0000000084300000)
 Metaspace       used 50268K, committed 51648K, reserved 1114112K
  class space    used 5519K, committed 6080K, reserved 1048576K
}
Event: 26.950 GC heap after
{Heap after GC invocations=30 (full 2):
 PSYoungGen      total 23040K, used 1011K [0x00000000d5580000, 0x00000000d7200000, 0x0000000100000000)
  eden space 22016K, 0% used [0x00000000d5580000,0x00000000d5580000,0x00000000d6b00000)
  from space 1024K, 98% used [0x00000000d6f00000,0x00000000d6ffcc78,0x00000000d7000000)
  to   space 3584K, 0% used [0x00000000d6b00000,0x00000000d6b00000,0x00000000d6e80000)
 ParOldGen       total 68608K, used 45172K [0x0000000080000000, 0x0000000084300000, 0x00000000d5580000)
  object space 68608K, 65% used [0x0000000080000000,0x0000000082c1d170,0x0000000084300000)
 Metaspace       used 50268K, committed 51648K, reserved 1114112K
  class space    used 5519K, committed 6080K, reserved 1048576K
}

