# JRE version: OpenJDK Runtime Environment Temurin-21.0.9+10 (21.0.9+10) (build 21.0.9+10-LTS)
# Java VM: OpenJDK 64-Bit Server VM Temurin-21.0.9+10 (21.0.9+10-LTS, mixed mode, sharing, tiered, compressed oops, compressed class ptrs, parallel gc, windows-amd64)
GC Precious Log:
 CardTable entry size: 512
 CPUs: 8 total, 8 available
 Memory: 6057M
 Large Page Support: Disabled
 NUMA Support: Disabled
 Compressed Oops: Enabled (32-bit)
 Alignments: Space 512K, Generation 512K, Heap 2M
 Heap Min Capacity: 100M
 Heap Initial Capacity: 100M
 Heap Max Capacity: 2G
 Pre-touch: Disabled
 Parallel Workers: 8
Heap:
 PSYoungGen      total 12288K, used 9167K [0x00000000d5580000, 0x00000000d6500000, 0x0000000100000000)
  eden space 10752K, 71% used [0x00000000d5580000,0x00000000d5cf80f8,0x00000000d6000000)
  from space 1536K, 98% used [0x00000000d6080000,0x00000000d61fbba0,0x00000000d6200000)
  to   space 2560K, 0% used [0x00000000d6280000,0x00000000d6280000,0x00000000d6500000)
 ParOldGen       total 1178624K, used 1178184K [0x0000000080000000, 0x00000000c7f00000, 0x00000000d5580000)
  object space 1178624K, 99% used [0x0000000080000000,0x00000000c7e923b8,0x00000000c7f00000)
 Metaspace       used 90426K, committed 92288K, reserved 1179648K
  class space    used 9266K, committed 10112K, reserved 1048576K
GC Heap History (20 events):
Event: 1467.608 GC heap before
{Heap before GC invocations=2522 (full 5):
 PSYoungGen      total 8192K, used 8192K [0x00000000d5580000, 0x00000000d6200000, 0x0000000100000000)
  eden space 7680K, 100% used [0x00000000d5580000,0x00000000d5d00000,0x00000000d5d00000)
  from space 512K, 100% used [0x00000000d5d00000,0x00000000d5d80000,0x00000000d5d80000)
  to   space 2048K, 0% used [0x00000000d6000000,0x00000000d6000000,0x00000000d6200000)
 ParOldGen       total 1164288K, used 1163853K [0x0000000080000000, 0x00000000c7100000, 0x00000000d5580000)
  object space 1164288K, 99% used [0x0000000080000000,0x00000000c70934a8,0x00000000c7100000)
 Metaspace       used 90419K, committed 92288K, reserved 1179648K
  class space    used 9266K, committed 10112K, reserved 1048576K
}
Event: 1467.621 GC heap after
{Heap after GC invocations=2522 (full 5):
 PSYoungGen      total 8704K, used 2016K [0x00000000d5580000, 0x00000000d6680000, 0x0000000100000000)
  eden space 6656K, 0% used [0x00000000d5580000,0x00000000d5580000,0x00000000d5c00000)
  from space 2048K, 98% used [0x00000000d6000000,0x00000000d61f80c0,0x00000000d6200000)
  to   space 4096K, 0% used [0x00000000d5c00000,0x00000000d5c00000,0x00000000d6000000)
 ParOldGen       total 1165312K, used 1165290K [0x0000000080000000, 0x00000000c7200000, 0x00000000d5580000)
  object space 1165312K, 99% used [0x0000000080000000,0x00000000c71faa38,0x00000000c7200000)
 Metaspace       used 90419K, committed 92288K, reserved 1179648K
  class space    used 9266K, committed 10112K, reserved 1048576K
}
Event: 1467.642 GC heap before
{Heap before GC invocations=2523 (full 5):
 PSYoungGen      total 8704K, used 8672K [0x00000000d5580000, 0x00000000d6680000, 0x0000000100000000)
  eden space 6656K, 100% used [0x00000000d5580000,0x00000000d5c00000,0x00000000d5c00000)
  from space 2048K, 98% used [0x00000000d6000000,0x00000000d61f80c0,0x00000000d6200000)
  to   space 4096K, 0% used [0x00000000d5c00000,0x00000000d5c00000,0x00000000d6000000)
 ParOldGen       total 1165312K, used 1165290K [0x0000000080000000, 0x00000000c7200000, 0x00000000d5580000)
  object space 1165312K, 99% used [0x0000000080000000,0x00000000c71faa38,0x00000000c7200000)
 Metaspace       used 90419K, committed 92288K, reserved 1179648K
  class space    used 9266K, committed 10112K, reserved 1048576K
}
Event: 1467.649 GC heap after
{Heap after GC invocations=2523 (full 5):
 PSYoungGen      total 10752K, used 1696K [0x00000000d5580000, 0x00000000d6280000, 0x0000000100000000)
  eden space 6656K, 0% used [0x00000000d5580000,0x00000000d5580000,0x00000000d5c00000)
  from space 4096K, 41% used [0x00000000d5c00000,0x00000000d5da8000,0x00000000d6000000)
  to   space 2560K, 0% used [0x00000000d6000000,0x00000000d6000000,0x00000000d6280000)
 ParOldGen       total 1167360K, used 1167102K [0x0000000080000000, 0x00000000c7400000, 0x00000000d5580000)
  object space 1167360K, 99% used [0x0000000080000000,0x00000000c73bf958,0x00000000c7400000)
 Metaspace       used 90419K, committed 92288K, reserved 1179648K
  class space    used 9266K, committed 10112K, reserved 1048576K
}
Event: 1467.669 GC heap before
{Heap before GC invocations=2524 (full 5):
 PSYoungGen      total 10752K, used 8352K [0x00000000d5580000, 0x00000000d6280000, 0x0000000100000000)
  eden space 6656K, 100% used [0x00000000d5580000,0x00000000d5c00000,0x00000000d5c00000)
  from space 4096K, 41% used [0x00000000d5c00000,0x00000000d5da8000,0x00000000d6000000)
  to   space 2560K, 0% used [0x00000000d6000000,0x00000000d6000000,0x00000000d6280000)
 ParOldGen       total 1167360K, used 1167102K [0x0000000080000000, 0x00000000c7400000, 0x00000000d5580000)
  object space 1167360K, 99% used [0x0000000080000000,0x00000000c73bf958,0x00000000c7400000)
 Metaspace       used 90419K, committed 92288K, reserved 1179648K
  class space    used 9266K, committed 10112K, reserved 1048576K
}
Event: 1467.677 GC heap after
{Heap after GC invocations=2524 (full 5):
 PSYoungGen      total 9216K, used 887K [0x00000000d5580000, 0x00000000d6100000, 0x0000000100000000)
  eden space 8192K, 0% used [0x00000000d5580000,0x00000000d5580000,0x00000000d5d80000)
  from space 1024K, 86% used [0x00000000d6000000,0x00000000d60dddd0,0x00000000d6100000)
  to   space 1536K, 0% used [0x00000000d5e00000,0x00000000d5e00000,0x00000000d5f80000)
 ParOldGen       total 1168896K, used 1168426K [0x0000000080000000, 0x00000000c7580000, 0x00000000d5580000)
  object space 1168896K, 99% used [0x0000000080000000,0x00000000c750a968,0x00000000c7580000)
 Metaspace       used 90419K, committed 92288K, reserved 1179648K
  class space    used 9266K, committed 10112K, reserved 1048576K
}
Event: 1467.711 GC heap before
{Heap before GC invocations=2525 (full 5):
 PSYoungGen      total 9216K, used 9079K [0x00000000d5580000, 0x00000000d6100000, 0x0000000100000000)
  eden space 8192K, 100% used [0x00000000d5580000,0x00000000d5d80000,0x00000000d5d80000)
  from space 1024K, 86% used [0x00000000d6000000,0x00000000d60dddd0,0x00000000d6100000)
  to   space 1536K, 0% used [0x00000000d5e00000,0x00000000d5e00000,0x00000000d5f80000)
 ParOldGen       total 1168896K, used 1168426K [0x0000000080000000, 0x00000000c7580000, 0x00000000d5580000)
  object space 1168896K, 99% used [0x0000000080000000,0x00000000c750a968,0x00000000c7580000)
 Metaspace       used 90419K, committed 92288K, reserved 1179648K
  class space    used 9266K, committed 10112K, reserved 1048576K
}
Event: 1467.721 GC heap after
{Heap after GC invocations=2525 (full 5):
 PSYoungGen      total 10240K, used 1527K [0x00000000d5580000, 0x00000000d6780000, 0x0000000100000000)
  eden space 8704K, 0% used [0x00000000d5580000,0x00000000d5580000,0x00000000d5e00000)
  from space 1536K, 99% used [0x00000000d5e00000,0x00000000d5f7de50,0x00000000d5f80000)
  to   space 4096K, 0% used [0x00000000d6380000,0x00000000d6380000,0x00000000d6780000)
 ParOldGen       total 1170432K, used 1170275K [0x0000000080000000, 0x00000000c7700000, 0x00000000d5580000)
  object space 1170432K, 99% used [0x0000000080000000,0x00000000c76d8d48,0x00000000c7700000)
 Metaspace       used 90419K, committed 92288K, reserved 1179648K
  class space    used 9266K, committed 10112K, reserved 1048576K
}
Event: 1467.749 GC heap before
{Heap before GC invocations=2526 (full 5):
 PSYoungGen      total 10240K, used 10231K [0x00000000d5580000, 0x00000000d6780000, 0x0000000100000000)
  eden space 8704K, 100% used [0x00000000d5580000,0x00000000d5e00000,0x00000000d5e00000)
  from space 1536K, 99% used [0x00000000d5e00000,0x00000000d5f7de50,0x00000000d5f80000)
  to   space 4096K, 0% used [0x00000000d6380000,0x00000000d6380000,0x00000000d6780000)
 ParOldGen       total 1170432K, used 1170275K [0x0000000080000000, 0x00000000c7700000, 0x00000000d5580000)
  object space 1170432K, 99% used [0x0000000080000000,0x00000000c76d8d48,0x00000000c7700000)
 Metaspace       used 90419K, committed 92288K, reserved 1179648K
  class space    used 9266K, committed 10112K, reserved 1048576K
}
Event: 1467.760 GC heap after
{Heap after GC invocations=2526 (full 5):
 PSYoungGen      total 12800K, used 1952K [0x00000000d5580000, 0x00000000d6580000, 0x0000000100000000)
  eden space 10752K, 0% used [0x00000000d5580000,0x00000000d5580000,0x00000000d6000000)
  from space 2048K, 95% used [0x00000000d6380000,0x00000000d65680f0,0x00000000d6580000)
  to   space 2560K, 0% used [0x00000000d6080000,0x00000000d6080000,0x00000000d6300000)
 ParOldGen       total 1171968K, used 1171601K [0x0000000080000000, 0x00000000c7880000, 0x00000000d5580000)
  object space 1171968K, 99% used [0x0000000080000000,0x00000000c7824598,0x00000000c7880000)
 Metaspace       used 90419K, committed 92288K, reserved 1179648K
  class space    used 9266K, committed 10112K, reserved 1048576K
}
Event: 1467.834 GC heap before
{Heap before GC invocations=2527 (full 5):
 PSYoungGen      total 12800K, used 12704K [0x00000000d5580000, 0x00000000d6580000, 0x0000000100000000)
  eden space 10752K, 100% used [0x00000000d5580000,0x00000000d6000000,0x00000000d6000000)
  from space 2048K, 95% used [0x00000000d6380000,0x00000000d65680f0,0x00000000d6580000)
  to   space 2560K, 0% used [0x00000000d6080000,0x00000000d6080000,0x00000000d6300000)
 ParOldGen       total 1171968K, used 1171601K [0x0000000080000000, 0x00000000c7880000, 0x00000000d5580000)
  object space 1171968K, 99% used [0x0000000080000000,0x00000000c7824598,0x00000000c7880000)
 Metaspace       used 90419K, committed 92288K, reserved 1179648K
  class space    used 9266K, committed 10112K, reserved 1048576K
}
Event: 1467.844 GC heap after
{Heap after GC invocations=2527 (full 5):
 PSYoungGen      total 13824K, used 1335K [0x00000000d5580000, 0x00000000d6680000, 0x0000000100000000)
  eden space 11264K, 0% used [0x00000000d5580000,0x00000000d5580000,0x00000000d6080000)
  from space 2560K, 52% used [0x00000000d6080000,0x00000000d61cddf0,0x00000000d6300000)
  to   space 2048K, 0% used [0x00000000d6480000,0x00000000d6480000,0x00000000d6680000)
 ParOldGen       total 1172992K, used 1172734K [0x0000000080000000, 0x00000000c7980000, 0x00000000d5580000)
  object space 1172992K, 99% used [0x0000000080000000,0x00000000c793f930,0x00000000c7980000)
 Metaspace       used 90419K, committed 92288K, reserved 1179648K
  class space    used 9266K, committed 10112K, reserved 1048576K
}
Event: 1468.902 GC heap before
{Heap before GC invocations=2528 (full 5):
 PSYoungGen      total 13824K, used 12599K [0x00000000d5580000, 0x00000000d6680000, 0x0000000100000000)
  eden space 11264K, 100% used [0x00000000d5580000,0x00000000d6080000,0x00000000d6080000)
  from space 2560K, 52% used [0x00000000d6080000,0x00000000d61cddf0,0x00000000d6300000)
  to   space 2048K, 0% used [0x00000000d6480000,0x00000000d6480000,0x00000000d6680000)
 ParOldGen       total 1172992K, used 1172734K [0x0000000080000000, 0x00000000c7980000, 0x00000000d5580000)
  object space 1172992K, 99% used [0x0000000080000000,0x00000000c793f930,0x00000000c7980000)
 Metaspace       used 90419K, committed 92288K, reserved 1179648K
  class space    used 9266K, committed 10112K, reserved 1048576K
}
Event: 1468.912 GC heap after
{Heap after GC invocations=2528 (full 5):
 PSYoungGen      total 12800K, used 2016K [0x00000000d5580000, 0x00000000d6980000, 0x0000000100000000)
  eden space 10752K, 0% used [0x00000000d5580000,0x00000000d5580000,0x00000000d6000000)
  from space 2048K, 98% used [0x00000000d6480000,0x00000000d6678070,0x00000000d6680000)
  to   space 4608K, 0% used [0x00000000d6000000,0x00000000d6000000,0x00000000d6480000)
 ParOldGen       total 1175040K, used 1174588K [0x0000000080000000, 0x00000000c7b80000, 0x00000000d5580000)
  object space 1175040K, 99% used [0x0000000080000000,0x00000000c7b0f170,0x00000000c7b80000)
 Metaspace       used 90419K, committed 92288K, reserved 1179648K
  class space    used 9266K, committed 10112K, reserved 1048576K
}
Event: 1468.996 GC heap before
{Heap before GC invocations=2529 (full 5):
 PSYoungGen      total 12800K, used 12768K [0x00000000d5580000, 0x00000000d6980000, 0x0000000100000000)
  eden space 10752K, 100% used [0x00000000d5580000,0x00000000d6000000,0x00000000d6000000)
  from space 2048K, 98% used [0x00000000d6480000,0x00000000d6678070,0x00000000d6680000)
  to   space 4608K, 0% used [0x00000000d6000000,0x00000000d6000000,0x00000000d6480000)
 ParOldGen       total 1175040K, used 1174588K [0x0000000080000000, 0x00000000c7b80000, 0x00000000d5580000)
  object space 1175040K, 99% used [0x0000000080000000,0x00000000c7b0f170,0x00000000c7b80000)
 Metaspace       used 90419K, committed 92288K, reserved 1179648K
  class space    used 9266K, committed 10112K, reserved 1048576K
}
Event: 1469.006 GC heap after
{Heap after GC invocations=2529 (full 5):
 PSYoungGen      total 13312K, used 2071K [0x00000000d5580000, 0x00000000d6600000, 0x0000000100000000)
  eden space 10752K, 0% used [0x00000000d5580000,0x00000000d5580000,0x00000000d6000000)
  from space 2560K, 80% used [0x00000000d6000000,0x00000000d6205e20,0x00000000d6280000)
  to   space 3072K, 0% used [0x00000000d6300000,0x00000000d6300000,0x00000000d6600000)
 ParOldGen       total 1176576K, used 1176492K [0x0000000080000000, 0x00000000c7d00000, 0x00000000d5580000)
  object space 1176576K, 99% used [0x0000000080000000,0x00000000c7ceb258,0x00000000c7d00000)
 Metaspace       used 90419K, committed 92288K, reserved 1179648K
  class space    used 9266K, committed 10112K, reserved 1048576K
}
Event: 1469.338 GC heap before
{Heap before GC invocations=2530 (full 5):
 PSYoungGen      total 13312K, used 12823K [0x00000000d5580000, 0x00000000d6600000, 0x0000000100000000)
  eden space 10752K, 100% used [0x00000000d5580000,0x00000000d6000000,0x00000000d6000000)
  from space 2560K, 80% used [0x00000000d6000000,0x00000000d6205e20,0x00000000d6280000)
  to   space 3072K, 0% used [0x00000000d6300000,0x00000000d6300000,0x00000000d6600000)
 ParOldGen       total 1176576K, used 1176492K [0x0000000080000000, 0x00000000c7d00000, 0x00000000d5580000)
  object space 1176576K, 99% used [0x0000000080000000,0x00000000c7ceb258,0x00000000c7d00000)
 Metaspace       used 90425K, committed 92288K, reserved 1179648K
  class space    used 9266K, committed 10112K, reserved 1048576K
}
Event: 1469.345 GC heap after
{Heap after GC invocations=2530 (full 5):
 PSYoungGen      total 11264K, used 320K [0x00000000d5580000, 0x00000000d6380000, 0x0000000100000000)
  eden space 10752K, 0% used [0x00000000d5580000,0x00000000d5580000,0x00000000d6000000)
  from space 512K, 62% used [0x00000000d6300000,0x00000000d6350050,0x00000000d6380000)
  to   space 1536K, 0% used [0x00000000d6080000,0x00000000d6080000,0x00000000d6200000)
 ParOldGen       total 1177600K, used 1177494K [0x0000000080000000, 0x00000000c7e00000, 0x00000000d5580000)
  object space 1177600K, 99% used [0x0000000080000000,0x00000000c7de5a48,0x00000000c7e00000)
 Metaspace       used 90425K, committed 92288K, reserved 1179648K
  class space    used 9266K, committed 10112K, reserved 1048576K
}
Event: 1469.410 GC heap before
{Heap before GC invocations=2531 (full 5):
 PSYoungGen      total 11264K, used 11072K [0x00000000d5580000, 0x00000000d6380000, 0x0000000100000000)
  eden space 10752K, 100% used [0x00000000d5580000,0x00000000d6000000,0x00000000d6000000)
  from space 512K, 62% used [0x00000000d6300000,0x00000000d6350050,0x00000000d6380000)
  to   space 1536K, 0% used [0x00000000d6080000,0x00000000d6080000,0x00000000d6200000)
 ParOldGen       total 1177600K, used 1177494K [0x0000000080000000, 0x00000000c7e00000, 0x00000000d5580000)
  object space 1177600K, 99% used [0x0000000080000000,0x00000000c7de5a48,0x00000000c7e00000)
 Metaspace       used 90425K, committed 92288K, reserved 1179648K
  class space    used 9266K, committed 10112K, reserved 1048576K
}
Event: 1469.421 GC heap after
{Heap after GC invocations=2531 (full 5):
 PSYoungGen      total 12288K, used 1518K [0x00000000d5580000, 0x00000000d6500000, 0x0000000100000000)
  eden space 10752K, 0% used [0x00000000d5580000,0x00000000d5580000,0x00000000d6000000)
  from space 1536K, 98% used [0x00000000d6080000,0x00000000d61fbba0,0x00000000d6200000)
  to   space 2560K, 0% used [0x00000000d6280000,0x00000000d6280000,0x00000000d6500000)
 ParOldGen       total 1178624K, used 1178184K [0x0000000080000000, 0x00000000c7f00000, 0x00000000d5580000)
  object space 1178624K, 99% used [0x0000000080000000,0x00000000c7e923b8,0x00000000c7f00000)
 Metaspace       used 90425K, committed 92288K, reserved 1179648K
  class space    used 9266K, committed 10112K, reserved 1048576K
}

