<?xml version="1.0" encoding="UTF-8"?>
<!-- Generated by org.testng.reporters.JUnitXMLReporter -->
<testsuite ignored="0" hostname="LAPTOP-TF3UG3BA" failures="0" tests="3" name="Surefire test" time="15.066" errors="0" timestamp="2026-01-07T23:40:24 WIB">
  <testcase classname="com.selenium.AppTest" name="scenario1" time="0.06"/>
  <testcase classname="com.selenium.AppTest" name="scenario2" time="2.611"/>
  <testcase classname="com.selenium.AppTest" name="scenario3" time="0.003"/>
</testsuite> <!-- Surefire test -->
