<?xml version="1.0" encoding="UTF-8"?>
<!-- Generated by org.testng.reporters.JUnitXMLReporter -->
<testsuite ignored="0" hostname="LAPTOP-0KKIJATU" failures="2" tests="2" name="Surefire test" time="0.286" errors="0" timestamp="2025-12-18T15:35:13 WIB">
  <testcase classname="com.selenium.AppTest" name="testAddNumbers" time="0.1">
    <failure type="java.lang.AssertionError" message="expected [10] but found [5]">
      <![CDATA[java.lang.AssertionError: expected [10] but found [5]
at com.selenium.AppTest.testAddNumbers(AppTest.java:19)
at java.base/java.util.ArrayList.forEach(ArrayList.java:1604)
... Removed 37 stack frames]]>
    </failure>
  </testcase> <!-- testAddNumbers -->
  <testcase classname="com.selenium.AppTest" name="testSayHello" time="0.004">
    <failure type="java.lang.AssertionError" message="expected [He Dupe Joke A Wee] but found [Hello]">
      <![CDATA[java.lang.AssertionError: expected [He Dupe Joke A Wee] but found [Hello]
at com.selenium.AppTest.testSayHello(AppTest.java:12)
at java.base/java.util.ArrayList.forEach(ArrayList.java:1604)
... Removed 36 stack frames]]>
    </failure>
  </testcase> <!-- testSayHello -->
</testsuite> <!-- Surefire test -->
