<?xml version="1.0" encoding="UTF-8"?>
<!-- Generated by org.testng.reporters.JUnitXMLReporter -->
<testsuite ignored="0" hostname="LAPTOP-0KKIJATU" failures="0" tests="3" name="Surefire test" time="320.462" errors="0" timestamp="2025-12-27T19:55:55 WIB">
  <testcase classname="com.selenium.AppTest" name="scenario1" time="0.067"/>
  <testcase classname="com.selenium.AppTest" name="scenario2" time="0.004"/>
  <testcase classname="com.selenium.AppTest" name="scenario3" time="300.883"/>
</testsuite> <!-- Surefire test -->
