<?xml version="1.0" encoding="UTF-8"?>
<!-- Generated by org.testng.reporters.JUnitXMLReporter -->
<testsuite ignored="0" hostname="LAPTOP-TF3UG3BA" failures="0" tests="3" name="Surefire test" time="2047.582" errors="0" timestamp="2026-01-09T16:30:47 WIB">
  <testcase classname="com.selenium.AppTest" name="scenario1" time="514.349"/>
  <testcase classname="com.selenium.AppTest" name="scenario2" time="587.333"/>
  <testcase classname="com.selenium.AppTest" name="scenario3" time="931.841"/>
</testsuite> <!-- Surefire test -->
