<?xml version="1.0" encoding="UTF-8"?>
<!-- Generated by org.testng.reporters.JUnitXMLReporter -->
<testsuite ignored="0" hostname="LAPTOP-0KKIJATU" failures="0" tests="3" name="Surefire test" time="330.602" errors="0" timestamp="2026-01-05T19:24:31 WIB">
  <testcase classname="com.selenium.AppTest" name="scenario1" time="0.052"/>
  <testcase classname="com.selenium.AppTest" name="scenario2" time="0.003"/>
  <testcase classname="com.selenium.AppTest" name="scenario3" time="308.48"/>
</testsuite> <!-- Surefire test -->
