<?xml version="1.0" encoding="UTF-8"?>
<!-- Generated by org.testng.reporters.JUnitXMLReporter -->
<testsuite ignored="0" hostname="LAPTOP-TF3UG3BA" failures="0" tests="3" name="Surefire test" time="354.036" errors="0" timestamp="2026-01-08T14:37:58 WIB">
  <testcase classname="com.selenium.AppTest" name="scenario1" time="0.054"/>
  <testcase classname="com.selenium.AppTest" name="scenario2" time="340.127"/>
  <testcase classname="com.selenium.AppTest" name="scenario3" time="0.004"/>
</testsuite> <!-- Surefire test -->
