<?xml version="1.0" encoding="UTF-8"?>
<testng-results ignored="0" total="3" passed="3" failed="0" skipped="0">
  <reporter-output>
  </reporter-output>
  <suite started-at="2025-12-25T05:24:36 WIB" name="Surefire suite" finished-at="2025-12-25T05:26:40 WIB" duration-ms="123935">
    <groups>
    </groups>
    <test started-at="2025-12-25T05:24:36 WIB" name="Surefire test" finished-at="2025-12-25T05:26:40 WIB" duration-ms="123935">
      <class name="com.selenium.AppTest">
        <test-method is-config="true" signature="start()[pri:0, instance:com.selenium.AppTest@50ad3bc1]" started-at="2025-12-25T05:24:36 WIB" name="start" finished-at="2025-12-25T05:24:43 WIB" duration-ms="7040" status="PASS">
          <reporter-output>
          </reporter-output>
        </test-method> <!-- start -->
        <test-method signature="scenario1()[pri:1, instance:com.selenium.AppTest@50ad3bc1]" started-at="2025-12-25T05:24:43 WIB" name="scenario1" finished-at="2025-12-25T05:24:43 WIB" duration-ms="49" status="PASS">
          <reporter-output>
          </reporter-output>
        </test-method> <!-- scenario1 -->
        <test-method signature="scenario2()[pri:2, instance:com.selenium.AppTest@50ad3bc1]" started-at="2025-12-25T05:24:44 WIB" name="scenario2" finished-at="2025-12-25T05:24:44 WIB" duration-ms="2" status="PASS">
          <reporter-output>
          </reporter-output>
        </test-method> <!-- scenario2 -->
        <test-method signature="scenario3()[pri:3, instance:com.selenium.AppTest@50ad3bc1]" started-at="2025-12-25T05:24:44 WIB" name="scenario3" finished-at="2025-12-25T05:26:30 WIB" duration-ms="106366" status="PASS">
          <reporter-output>
          </reporter-output>
        </test-method> <!-- scenario3 -->
        <test-method is-config="true" signature="end()[pri:0, instance:com.selenium.AppTest@50ad3bc1]" started-at="2025-12-25T05:26:30 WIB" name="end" finished-at="2025-12-25T05:26:40 WIB" duration-ms="10328" status="PASS">
          <reporter-output>
          </reporter-output>
        </test-method> <!-- end -->
      </class> <!-- com.selenium.AppTest -->
    </test> <!-- Surefire test -->
  </suite> <!-- Surefire suite -->
</testng-results>
