<?xml version="1.0" encoding="UTF-8"?>
<testng-results ignored="0" total="3" passed="3" failed="0" skipped="0">
  <reporter-output>
  </reporter-output>
  <suite started-at="2025-12-28T03:38:27 WIB" name="Surefire suite" finished-at="2025-12-28T03:39:15 WIB" duration-ms="47311">
    <groups>
    </groups>
    <test started-at="2025-12-28T03:38:27 WIB" name="Surefire test" finished-at="2025-12-28T03:39:15 WIB" duration-ms="47311">
      <class name="com.selenium.AppTest">
        <test-method is-config="true" signature="start()[pri:0, instance:com.selenium.AppTest@50ad3bc1]" started-at="2025-12-28T03:38:27 WIB" name="start" finished-at="2025-12-28T03:38:38 WIB" duration-ms="11142" status="PASS">
          <reporter-output>
          </reporter-output>
        </test-method> <!-- start -->
        <test-method signature="scenario1()[pri:1, instance:com.selenium.AppTest@50ad3bc1]" started-at="2025-12-28T03:38:39 WIB" name="scenario1" finished-at="2025-12-28T03:38:39 WIB" duration-ms="229" status="PASS">
          <reporter-output>
          </reporter-output>
        </test-method> <!-- scenario1 -->
        <test-method signature="scenario2()[pri:2, instance:com.selenium.AppTest@50ad3bc1]" started-at="2025-12-28T03:38:39 WIB" name="scenario2" finished-at="2025-12-28T03:38:39 WIB" duration-ms="5" status="PASS">
          <reporter-output>
          </reporter-output>
        </test-method> <!-- scenario2 -->
        <test-method signature="scenario3()[pri:3, instance:com.selenium.AppTest@50ad3bc1]" started-at="2025-12-28T03:38:39 WIB" name="scenario3" finished-at="2025-12-28T03:39:04 WIB" duration-ms="24363" status="PASS">
          <reporter-output>
          </reporter-output>
        </test-method> <!-- scenario3 -->
        <test-method is-config="true" signature="end()[pri:0, instance:com.selenium.AppTest@50ad3bc1]" started-at="2025-12-28T03:39:04 WIB" name="end" finished-at="2025-12-28T03:39:15 WIB" duration-ms="10950" status="PASS">
          <reporter-output>
          </reporter-output>
        </test-method> <!-- end -->
      </class> <!-- com.selenium.AppTest -->
    </test> <!-- Surefire test -->
  </suite> <!-- Surefire suite -->
</testng-results>
